{"logTime": "0712/035618", "correlationVector":"2173+I8Okc9jfB2zZ8aY1Q.1","action":"SyncServerConnectionManagerRequest", "result":"SYNC_SERVER_OK", "context":{"environment":"Prod_brazilsouth_prod-s01-001-sam-brazilsouth", "migrationStage":"NotStarted", "server":"akswtt213000022"}}
{"logTime": "0712/035618", "correlationVector":"2173+I8Okc9jfB2zZ8aY1Q.2","action":"ProcessGetUpdates", "result":"Done", "context":{"dataType":"Encryption Keys", "deleted":"0", "process_failed_to_decrypt":"0", "process_pending_decryption":"0", "process_success":"1", "total":"1"}}
{"logTime": "0712/035619", "correlationVector":"hnHsLQkiH6a8eTSMsQjJwn","action":"SyncServerConnectionManagerRequest", "result":"SYNC_SERVER_OK", "context":{"environment":"", "migrationStage":"", "server":""}}
{"logTime": "0712/035619", "correlationVector":"hnHsLQkiH6a8eTSMsQjJwn.0","action":"EncryptionKeysFetcher.DownloadKeys:", "result":"Success", "context":Key count: 5, Last key timestamp: 2025-04-02T19:44:33Z}
{"logTime": "0712/035619", "correlationVector":"hnHsLQkiH6a8eTSMsQjJwn.1","action":"EncryptionKeysManager::SetEncryptionKeys:", "result":"Success", "context":Key names[5]:[+OweXsi5EzsGP5OxacPGjnfkrt76ZxOso3vLXtzVbXGUSfaYSnIXOVb2aU98yZt8CMNW6HhcSSeAzo2cjuH7zQ==][Tp7i/Ojr8Vb9IyN2DQn6hhhcntNSIsN34g0/rCPHHdi4oFTGhA+NsQAO5/PUjHVr+llxoCawOIdoaMnjQaZNJA==][K3fRpBKPSxtIgRLvG8JkbgTV2yJ4T5UIV+GM35Jdi9AEpFWBQ7ibvCJbxMt7chx/t0GVy1OCQP0nVhBzZMSY2w==][sBMnFiWOzPg9yS98INzzt82/gUgsX4mlTdH8nHNvCpP3ZDp0+zfSXXwZsf5g0y5A6EFbZMZV3LEBKDnfgxnZkw==][VXKLbMf6gEi5P1dW4n9x/AtWkCZqa7fWsfOkTNo2kZfiEi3hs/gZdE6hvnqEz98AfyuA/SL0qNJlyzU8TJn2HA==]}
{"logTime": "0712/035619", "correlationVector":"hnHsLQkiH6a8eTSMsQjJwn.2","action":"EncryptionKeysManager::SetEncryptionKeysWithTimestamps:", "result":"Success", "context":Key timestamps[5]:[2023-03-14T09:58:32Z][2023-10-10T20:09:35Z][2024-04-26T20:30:14Z][2024-05-25T00:14:12Z][2025-04-02T19:44:33Z]}
{"logTime": "0712/035619", "correlationVector":"2173+I8Okc9jfB2zZ8aY1Q","action":"Initial GetUpdates", "result":"", "context":Reason: NEW_CLIENT. cV=2173+I8Okc9jfB2zZ8aY1Q}
{"logTime": "0712/035619", "correlationVector":"2173+I8Okc9jfB2zZ8aY1Q.3","action":"GetUpdates Response", "result":"Success", "context":Received 1 update(s). cV=2173+I8Okc9jfB2zZ8aY1Q.0;server=akswtt213000022;cloudType=Consumer;environment=Prod_brazilsouth_prod-s01-001-sam-brazilsouth;migrationStage=NotStarted}
{"logTime": "0712/035619", "correlationVector":"dfP3/4WUr86j6hkqdKviLs","action":"Initial GetUpdates", "result":"", "context":Reason: NEWLY_SUPPORTED_DATATYPE. cV=dfP3/4WUr86j6hkqdKviLs}
{"logTime": "0712/035619", "correlationVector":"dfP3/4WUr86j6hkqdKviLs.1","action":"SyncServerConnectionManagerRequest", "result":"SYNC_SERVER_OK", "context":{"environment":"Prod_brazilsouth_prod-s01-001-sam-brazilsouth", "migrationStage":"NotStarted", "server":"akswtt21300001s"}}
{"logTime": "0712/035619", "correlationVector":"dfP3/4WUr86j6hkqdKviLs.2","action":"ProcessGetUpdates", "result":"Done", "context":{"dataType":"Preferences", "deleted":"0", "process_failed_to_decrypt":"0", "process_pending_decryption":"0", "process_success":"48", "total":"48"}}
{"logTime": "0712/035619", "correlationVector":"dfP3/4WUr86j6hkqdKviLs.3","action":"ProcessGetUpdates", "result":"Done", "context":{"dataType":"Passwords", "deleted":"0", "process_failed_to_decrypt":"0", "process_pending_decryption":"0", "process_success":"2", "total":"2"}}
{"logTime": "0712/035619", "correlationVector":"dfP3/4WUr86j6hkqdKviLs.4","action":"ProcessGetUpdates", "result":"Done", "context":{"dataType":"Device Info", "deleted":"0", "process_failed_to_decrypt":"0", "process_pending_decryption":"0", "process_success":"9", "total":"9"}}
{"logTime": "0712/035619", "correlationVector":"dfP3/4WUr86j6hkqdKviLs.5","action":"GetUpdates Response", "result":"Success", "context":Received 59 update(s). cV=dfP3/4WUr86j6hkqdKviLs.0;server=akswtt21300001s;cloudType=Consumer;environment=Prod_brazilsouth_prod-s01-001-sam-brazilsouth;migrationStage=NotStarted}
{"logTime": "0712/035619", "correlationVector":"Z/MAhm8mZsMl59eG47Q0yi","action":"Initial GetUpdates", "result":"", "context":Reason: NEWLY_SUPPORTED_DATATYPE. cV=Z/MAhm8mZsMl59eG47Q0yi}
{"logTime": "0712/035619", "correlationVector":"Z/MAhm8mZsMl59eG47Q0yi.1","action":"SyncServerConnectionManagerRequest", "result":"SYNC_SERVER_OK", "context":{"environment":"Prod_brazilsouth_prod-s01-001-sam-brazilsouth", "migrationStage":"NotStarted", "server":"akswtt21300000t"}}
{"logTime": "0712/035619", "correlationVector":"Z/MAhm8mZsMl59eG47Q0yi.2","action":"ProcessGetUpdates", "result":"Done", "context":{"dataType":"Bookmarks", "deleted":"0", "process_failed_to_decrypt":"0", "process_pending_decryption":"0", "process_success":"5", "total":"5"}}
{"logTime": "0712/035619", "correlationVector":"Z/MAhm8mZsMl59eG47Q0yi.3","action":"GetUpdates Response", "result":"Success", "context":Received 5 update(s). cV=Z/MAhm8mZsMl59eG47Q0yi.0;server=akswtt21300000t;cloudType=Consumer;environment=Prod_brazilsouth_prod-s01-001-sam-brazilsouth;migrationStage=NotStarted}
{"logTime": "0712/035619", "correlationVector":"L+OyQSSu5nEfg7JA6y0iUC","action":"Initial GetUpdates", "result":"", "context":Reason: NEWLY_SUPPORTED_DATATYPE. cV=L+OyQSSu5nEfg7JA6y0iUC}
{"logTime": "0712/035619", "correlationVector":"L+OyQSSu5nEfg7JA6y0iUC.1","action":"SyncServerConnectionManagerRequest", "result":"SYNC_SERVER_OK", "context":{"environment":"Prod_brazilsouth_prod-s01-001-sam-brazilsouth", "migrationStage":"NotStarted", "server":"akswtt213000004"}}
{"logTime": "0712/035619", "correlationVector":"L+OyQSSu5nEfg7JA6y0iUC.2","action":"ProcessGetUpdates", "result":"Done", "context":{"dataType":"Autofill Profiles", "deleted":"0", "process_failed_to_decrypt":"0", "process_pending_decryption":"0", "process_success":"1", "total":"1"}}
{"logTime": "0712/035619", "correlationVector":"L+OyQSSu5nEfg7JA6y0iUC.3","action":"ProcessGetUpdates", "result":"Done", "context":{"dataType":"Autofill", "deleted":"0", "process_failed_to_decrypt":"0", "process_pending_decryption":"0", "process_success":"9", "total":"9"}}
{"logTime": "0712/035619", "correlationVector":"L+OyQSSu5nEfg7JA6y0iUC.4","action":"ProcessGetUpdates", "result":"Done", "context":{"dataType":"Sessions", "deleted":"12", "process_failed_to_decrypt":"0", "process_pending_decryption":"0", "process_success":"12", "total":"12"}}
{"logTime": "0712/035619", "correlationVector":"L+OyQSSu5nEfg7JA6y0iUC.5","action":"ProcessGetUpdates", "result":"Done", "context":{"dataType":"Edge Hub App Usage", "deleted":"0", "process_failed_to_decrypt":"0", "process_pending_decryption":"0", "process_success":"6", "total":"6"}}
{"logTime": "0712/035619", "correlationVector":"L+OyQSSu5nEfg7JA6y0iUC.6","action":"GetUpdates Response", "result":"Success", "context":Received 28 update(s). cV=L+OyQSSu5nEfg7JA6y0iUC.0;server=akswtt213000004;cloudType=Consumer;environment=Prod_brazilsouth_prod-s01-001-sam-brazilsouth;migrationStage=NotStarted}
{"logTime": "0712/035619", "correlationVector":"FLoXdzSzblbuE3qTazc3cp","action":"Initial GetUpdates", "result":"", "context":Reason: NEWLY_SUPPORTED_DATATYPE. cV=FLoXdzSzblbuE3qTazc3cp}
{"logTime": "0712/035620", "correlationVector":"FLoXdzSzblbuE3qTazc3cp.1","action":"SyncServerConnectionManagerRequest", "result":"SYNC_SERVER_OK", "context":{"environment":"Prod_brazilsouth_prod-s01-001-sam-brazilsouth", "migrationStage":"NotStarted", "server":"akswtt21300000n"}}
{"logTime": "0712/035620", "correlationVector":"FLoXdzSzblbuE3qTazc3cp.2","action":"ProcessGetUpdates", "result":"Done", "context":{"dataType":"History", "deleted":"0", "process_failed_to_decrypt":"0", "process_pending_decryption":"0", "process_success":"6", "total":"6"}}
{"logTime": "0712/035620", "correlationVector":"FLoXdzSzblbuE3qTazc3cp.3","action":"GetUpdates Response", "result":"Success", "context":Received 6 update(s). cV=FLoXdzSzblbuE3qTazc3cp.0;server=akswtt21300000n;cloudType=Consumer;environment=Prod_brazilsouth_prod-s01-001-sam-brazilsouth;migrationStage=NotStarted}
{"logTime": "0712/035620", "correlationVector":"Btk3ol47izrGeD7LrTrDtQ","action":"Normal GetUpdate request", "result":"", "context":cV=Btk3ol47izrGeD7LrTrDtQ
Nudged types: Preferences, Sessions, Device Info, User Consents
Refresh requested types: Bookmarks, Preferences, Passwords, Autofill Profiles, Autofill, Extensions, Sessions, Extension settings, History Delete Directives, Device Info, User Consents, Send Tab To Self, Web Apps, History, Saved Tab Group, WebAuthn Credentials, Collection, Edge E Drop, Edge Hub App Usage, Edge Wallet, Encryption Keys}
{"logTime": "0712/035620", "correlationVector":"Btk3ol47izrGeD7LrTrDtQ.1","action":"SyncServerConnectionManagerRequest", "result":"SYNC_SERVER_OK", "context":{"environment":"Prod_brazilsouth_prod-s01-001-sam-brazilsouth", "migrationStage":"NotStarted", "server":"akswtt21300000t"}}
{"logTime": "0712/035620", "correlationVector":"Btk3ol47izrGeD7LrTrDtQ.2","action":"GetUpdates Response", "result":"Success", "context":Received 0 update(s). cV=Btk3ol47izrGeD7LrTrDtQ.0;server=akswtt21300000t;cloudType=Consumer;environment=Prod_brazilsouth_prod-s01-001-sam-brazilsouth;migrationStage=NotStarted}
{"logTime": "0712/035620", "correlationVector":"tjQpa1wobK8FhyBkRCwCyM","action":"Commit Request", "result":"", "context":Item count: 6
Contributing types: Preferences, Sessions, Device Info, User Consents}
{"logTime": "0712/035621", "correlationVector":"tjQpa1wobK8FhyBkRCwCyM.1","action":"SyncServerConnectionManagerRequest", "result":"SYNC_SERVER_OK", "context":{"environment":"Prod_brazilsouth_prod-s01-001-sam-brazilsouth", "migrationStage":"NotStarted", "server":"akswtt213000004"}}
{"logTime": "0712/035621", "correlationVector":"tjQpa1wobK8FhyBkRCwCyM.2","action":"Commit Response", "result":"Success", "context":Result: Success. cV=tjQpa1wobK8FhyBkRCwCyM.0;server=akswtt213000004;cloudType=Consumer;environment=Prod_brazilsouth_prod-s01-001-sam-brazilsouth;migrationStage=NotStarted}
{"logTime": "0712/035625", "correlationVector":"PNwN1FakFvlalTMcBSQatB","action":"Commit Request", "result":"", "context":Item count: 2
Contributing types: Edge Hub App Usage}
{"logTime": "0712/035625", "correlationVector":"PNwN1FakFvlalTMcBSQatB.1","action":"SyncServerConnectionManagerRequest", "result":"SYNC_SERVER_OK", "context":{"environment":"Prod_brazilsouth_prod-s01-001-sam-brazilsouth", "migrationStage":"NotStarted", "server":"akswtt213000004"}}
{"logTime": "0712/035625", "correlationVector":"PNwN1FakFvlalTMcBSQatB.2","action":"Commit Response", "result":"Success", "context":Result: Success. cV=PNwN1FakFvlalTMcBSQatB.0;server=akswtt213000004;cloudType=Consumer;environment=Prod_brazilsouth_prod-s01-001-sam-brazilsouth;migrationStage=NotStarted}
{"logTime": "0712/035646", "correlationVector":"vCM2fLYg6keXZRbC9SsTsD","action":"Commit Request", "result":"", "context":Item count: 3
Contributing types: Preferences, Sessions, History}
{"logTime": "0712/035646", "correlationVector":"vCM2fLYg6keXZRbC9SsTsD.1","action":"SyncServerConnectionManagerRequest", "result":"SYNC_SERVER_OK", "context":{"environment":"Prod_brazilsouth_prod-s01-001-sam-brazilsouth", "migrationStage":"NotStarted", "server":"akswtt21300000n"}}
{"logTime": "0712/035646", "correlationVector":"vCM2fLYg6keXZRbC9SsTsD.2","action":"Commit Response", "result":"Success", "context":Result: Success. cV=vCM2fLYg6keXZRbC9SsTsD.0;server=akswtt21300000n;cloudType=Consumer;environment=Prod_brazilsouth_prod-s01-001-sam-brazilsouth;migrationStage=NotStarted}
{"logTime": "0717/003933", "correlationVector":"1Ku/ZYUGWTjEmv8IN9atUC.1","action":"SyncServerConnectionManagerRequest", "result":"SYNC_SERVER_OK", "context":{"environment":"Prod_brazilsouth_prod-s01-034-sam-brazilsouth", "migrationStage":"NotStarted", "server":"akswtt00900000y"}}
{"logTime": "0717/003933", "correlationVector":"1Ku/ZYUGWTjEmv8IN9atUC.2","action":"ProcessGetUpdates", "result":"Done", "context":{"dataType":"Encryption Keys", "deleted":"0", "process_failed_to_decrypt":"0", "process_pending_decryption":"0", "process_success":"1", "total":"1"}}
{"logTime": "0717/003933", "correlationVector":"D/iRvOP/M+N7bGplyo/0jU","action":"SyncServerConnectionManagerRequest", "result":"SYNC_SERVER_OK", "context":{"environment":"", "migrationStage":"", "server":""}}
{"logTime": "0717/003933", "correlationVector":"D/iRvOP/M+N7bGplyo/0jU.0","action":"EncryptionKeysFetcher.DownloadKeys:", "result":"Success", "context":Key count: 5, Last key timestamp: 2025-04-02T19:44:33Z}
{"logTime": "0717/003933", "correlationVector":"D/iRvOP/M+N7bGplyo/0jU.1","action":"EncryptionKeysManager::SetEncryptionKeys:", "result":"Success", "context":Key names[5]:[+OweXsi5EzsGP5OxacPGjnfkrt76ZxOso3vLXtzVbXGUSfaYSnIXOVb2aU98yZt8CMNW6HhcSSeAzo2cjuH7zQ==][Tp7i/Ojr8Vb9IyN2DQn6hhhcntNSIsN34g0/rCPHHdi4oFTGhA+NsQAO5/PUjHVr+llxoCawOIdoaMnjQaZNJA==][K3fRpBKPSxtIgRLvG8JkbgTV2yJ4T5UIV+GM35Jdi9AEpFWBQ7ibvCJbxMt7chx/t0GVy1OCQP0nVhBzZMSY2w==][sBMnFiWOzPg9yS98INzzt82/gUgsX4mlTdH8nHNvCpP3ZDp0+zfSXXwZsf5g0y5A6EFbZMZV3LEBKDnfgxnZkw==][VXKLbMf6gEi5P1dW4n9x/AtWkCZqa7fWsfOkTNo2kZfiEi3hs/gZdE6hvnqEz98AfyuA/SL0qNJlyzU8TJn2HA==]}
{"logTime": "0717/003933", "correlationVector":"D/iRvOP/M+N7bGplyo/0jU.2","action":"EncryptionKeysManager::SetEncryptionKeysWithTimestamps:", "result":"Success", "context":Key timestamps[5]:[2023-03-14T09:58:32Z][2023-10-10T20:09:35Z][2024-04-26T20:30:14Z][2024-05-25T00:14:12Z][2025-04-02T19:44:33Z]}
{"logTime": "0717/003933", "correlationVector":"1Ku/ZYUGWTjEmv8IN9atUC","action":"Initial GetUpdates", "result":"", "context":Reason: NEW_CLIENT. cV=1Ku/ZYUGWTjEmv8IN9atUC}
{"logTime": "0717/003933", "correlationVector":"1Ku/ZYUGWTjEmv8IN9atUC.3","action":"GetUpdates Response", "result":"Success", "context":Received 1 update(s). cV=1Ku/ZYUGWTjEmv8IN9atUC.0;server=akswtt00900000y;cloudType=Consumer;environment=Prod_brazilsouth_prod-s01-034-sam-brazilsouth;migrationStage=NotStarted}
{"logTime": "0717/003933", "correlationVector":"BBMJavjO/QNJtnBnvD7nJQ","action":"Initial GetUpdates", "result":"", "context":Reason: NEWLY_SUPPORTED_DATATYPE. cV=BBMJavjO/QNJtnBnvD7nJQ}
{"logTime": "0717/003933", "correlationVector":"BBMJavjO/QNJtnBnvD7nJQ.1","action":"SyncServerConnectionManagerRequest", "result":"SYNC_SERVER_OK", "context":{"environment":"Prod_brazilsouth_prod-s01-034-sam-brazilsouth", "migrationStage":"NotStarted", "server":"akswtt009000009"}}
{"logTime": "0717/003933", "correlationVector":"BBMJavjO/QNJtnBnvD7nJQ.2","action":"ProcessGetUpdates", "result":"Done", "context":{"dataType":"Passwords", "deleted":"0", "process_failed_to_decrypt":"0", "process_pending_decryption":"0", "process_success":"2", "total":"2"}}
{"logTime": "0717/003933", "correlationVector":"BBMJavjO/QNJtnBnvD7nJQ.3","action":"GetUpdates Response", "result":"Success", "context":Received 2 update(s). cV=BBMJavjO/QNJtnBnvD7nJQ.0;server=akswtt009000009;cloudType=Consumer;environment=Prod_brazilsouth_prod-s01-034-sam-brazilsouth;migrationStage=NotStarted}
{"logTime": "0717/003933", "correlationVector":"BM3F5LQdKE7i1Mew7IOtgh","action":"Normal GetUpdate request", "result":"", "context":cV=BM3F5LQdKE7i1Mew7IOtgh
Nudged types: Sessions, Device Info, History
Refresh requested types: Bookmarks, Preferences, Passwords, Autofill Profiles, Autofill, Extensions, Sessions, Extension settings, History Delete Directives, Device Info, User Consents, Send Tab To Self, Web Apps, History, Saved Tab Group, WebAuthn Credentials, Collection, Edge E Drop, Edge Hub App Usage, Edge Wallet, Encryption Keys}
{"logTime": "0717/003934", "correlationVector":"BM3F5LQdKE7i1Mew7IOtgh.1","action":"SyncServerConnectionManagerRequest", "result":"SYNC_SERVER_OK", "context":{"environment":"Prod_brazilsouth_prod-s01-001-sam-brazilsouth", "migrationStage":"NotStarted", "server":"akswtt21300001p"}}
{"logTime": "0717/003934", "correlationVector":"BM3F5LQdKE7i1Mew7IOtgh.2","action":"ProcessGetUpdates", "result":"Done", "context":{"dataType":"Preferences", "deleted":"0", "process_failed_to_decrypt":"0", "process_pending_decryption":"0", "process_success":"2", "total":"2"}}
{"logTime": "0717/003934", "correlationVector":"BM3F5LQdKE7i1Mew7IOtgh.3","action":"ProcessGetUpdates", "result":"Done", "context":{"dataType":"Autofill Profiles", "deleted":"1", "process_failed_to_decrypt":"0", "process_pending_decryption":"0", "process_success":"1", "total":"1"}}
{"logTime": "0717/003934", "correlationVector":"BM3F5LQdKE7i1Mew7IOtgh.4","action":"ProcessGetUpdates", "result":"Done", "context":{"dataType":"Sessions", "deleted":"1", "process_failed_to_decrypt":"0", "process_pending_decryption":"0", "process_success":"3", "total":"3"}}
{"logTime": "0717/003934", "correlationVector":"BM3F5LQdKE7i1Mew7IOtgh.5","action":"ProcessGetUpdates", "result":"Done", "context":{"dataType":"Device Info", "deleted":"0", "process_failed_to_decrypt":"0", "process_pending_decryption":"0", "process_success":"1", "total":"1"}}
{"logTime": "0717/003934", "correlationVector":"BM3F5LQdKE7i1Mew7IOtgh.6","action":"ProcessGetUpdates", "result":"Done", "context":{"dataType":"History", "deleted":"0", "process_failed_to_decrypt":"0", "process_pending_decryption":"0", "process_success":"9", "total":"9"}}
{"logTime": "0717/003934", "correlationVector":"BM3F5LQdKE7i1Mew7IOtgh.7","action":"ProcessGetUpdates", "result":"Done", "context":{"dataType":"Edge Hub App Usage", "deleted":"0", "process_failed_to_decrypt":"0", "process_pending_decryption":"0", "process_success":"2", "total":"2"}}
{"logTime": "0717/003934", "correlationVector":"BM3F5LQdKE7i1Mew7IOtgh.8","action":"GetUpdates Response", "result":"Success", "context":Received 18 update(s). cV=BM3F5LQdKE7i1Mew7IOtgh.0;server=akswtt21300001p;cloudType=Consumer;environment=Prod_brazilsouth_prod-s01-001-sam-brazilsouth;migrationStage=NotStarted}
{"logTime": "0717/003934", "correlationVector":"Zh39RJg3ERbdK/mKn9wr+c","action":"Poll GetUpdate request", "result":"", "context":cV=Zh39RJg3ERbdK/mKn9wr+c}
{"logTime": "0717/003934", "correlationVector":"Zh39RJg3ERbdK/mKn9wr+c.1","action":"SyncServerConnectionManagerRequest", "result":"SYNC_SERVER_OK", "context":{"environment":"Prod_brazilsouth_prod-s01-001-sam-brazilsouth", "migrationStage":"NotStarted", "server":"akswtt21300001p"}}
{"logTime": "0717/003934", "correlationVector":"Zh39RJg3ERbdK/mKn9wr+c.2","action":"GetUpdates Response", "result":"Success", "context":Received 0 update(s). cV=Zh39RJg3ERbdK/mKn9wr+c.0;server=akswtt21300001p;cloudType=Consumer;environment=Prod_brazilsouth_prod-s01-001-sam-brazilsouth;migrationStage=NotStarted}
{"logTime": "0717/003943", "correlationVector":"9PRqfuBTuzUwXRnP1bgps5","action":"Commit Request", "result":"", "context":Item count: 4
Contributing types: Preferences, Sessions, History}
{"logTime": "0717/003944", "correlationVector":"9PRqfuBTuzUwXRnP1bgps5.1","action":"SyncServerConnectionManagerRequest", "result":"SYNC_SERVER_OK", "context":{"environment":"Prod_brazilsouth_prod-s01-034-sam-brazilsouth", "migrationStage":"NotStarted", "server":"akswtt009000002"}}
{"logTime": "0717/003944", "correlationVector":"9PRqfuBTuzUwXRnP1bgps5.2","action":"Commit Response", "result":"Success", "context":Result: Success. cV=9PRqfuBTuzUwXRnP1bgps5.0;server=akswtt009000002;cloudType=Consumer;environment=Prod_brazilsouth_prod-s01-034-sam-brazilsouth;migrationStage=NotStarted}
{"logTime": "0717/004044", "correlationVector":"yPYl33BD+pDM/TlPmsUQDD","action":"Commit Request", "result":"", "context":Item count: 1
Contributing types: Device Info}
{"logTime": "0717/004045", "correlationVector":"yPYl33BD+pDM/TlPmsUQDD.1","action":"SyncServerConnectionManagerRequest", "result":"SYNC_SERVER_OK", "context":{"environment":"Prod_brazilsouth_prod-s01-034-sam-brazilsouth", "migrationStage":"NotStarted", "server":"akswtt00900001f"}}
{"logTime": "0717/004045", "correlationVector":"yPYl33BD+pDM/TlPmsUQDD.2","action":"Commit Response", "result":"Success", "context":Result: Success. cV=yPYl33BD+pDM/TlPmsUQDD.0;server=akswtt00900001f;cloudType=Consumer;environment=Prod_brazilsouth_prod-s01-034-sam-brazilsouth;migrationStage=NotStarted}
{"logTime": "0719/025426", "correlationVector":"aRmaJit9YMfxfdjTQApR8Y.1","action":"SyncServerConnectionManagerRequest", "result":"SYNC_SERVER_OK", "context":{"environment":"Prod_brazilsouth_prod-s01-034-sam-brazilsouth", "migrationStage":"NotStarted", "server":"akswtt00900000b"}}
{"logTime": "0719/025426", "correlationVector":"aRmaJit9YMfxfdjTQApR8Y.2","action":"ProcessGetUpdates", "result":"Done", "context":{"dataType":"Encryption Keys", "deleted":"0", "process_failed_to_decrypt":"0", "process_pending_decryption":"0", "process_success":"1", "total":"1"}}
{"logTime": "0719/025426", "correlationVector":"3NcX61JQjUDOTIIGnICm0s","action":"SyncServerConnectionManagerRequest", "result":"SYNC_SERVER_OK", "context":{"environment":"", "migrationStage":"", "server":""}}
{"logTime": "0719/025426", "correlationVector":"3NcX61JQjUDOTIIGnICm0s.0","action":"EncryptionKeysFetcher.DownloadKeys:", "result":"Success", "context":Key count: 5, Last key timestamp: 2025-04-02T19:44:33Z}
{"logTime": "0719/025426", "correlationVector":"3NcX61JQjUDOTIIGnICm0s.1","action":"EncryptionKeysManager::SetEncryptionKeys:", "result":"Success", "context":Key names[5]:[+OweXsi5EzsGP5OxacPGjnfkrt76ZxOso3vLXtzVbXGUSfaYSnIXOVb2aU98yZt8CMNW6HhcSSeAzo2cjuH7zQ==][Tp7i/Ojr8Vb9IyN2DQn6hhhcntNSIsN34g0/rCPHHdi4oFTGhA+NsQAO5/PUjHVr+llxoCawOIdoaMnjQaZNJA==][K3fRpBKPSxtIgRLvG8JkbgTV2yJ4T5UIV+GM35Jdi9AEpFWBQ7ibvCJbxMt7chx/t0GVy1OCQP0nVhBzZMSY2w==][sBMnFiWOzPg9yS98INzzt82/gUgsX4mlTdH8nHNvCpP3ZDp0+zfSXXwZsf5g0y5A6EFbZMZV3LEBKDnfgxnZkw==][VXKLbMf6gEi5P1dW4n9x/AtWkCZqa7fWsfOkTNo2kZfiEi3hs/gZdE6hvnqEz98AfyuA/SL0qNJlyzU8TJn2HA==]}
{"logTime": "0719/025426", "correlationVector":"3NcX61JQjUDOTIIGnICm0s.2","action":"EncryptionKeysManager::SetEncryptionKeysWithTimestamps:", "result":"Success", "context":Key timestamps[5]:[2023-03-14T09:58:32Z][2023-10-10T20:09:35Z][2024-04-26T20:30:14Z][2024-05-25T00:14:12Z][2025-04-02T19:44:33Z]}
{"logTime": "0719/025426", "correlationVector":"aRmaJit9YMfxfdjTQApR8Y","action":"Initial GetUpdates", "result":"", "context":Reason: NEW_CLIENT. cV=aRmaJit9YMfxfdjTQApR8Y}
{"logTime": "0719/025426", "correlationVector":"aRmaJit9YMfxfdjTQApR8Y.3","action":"GetUpdates Response", "result":"Success", "context":Received 1 update(s). cV=aRmaJit9YMfxfdjTQApR8Y.0;server=akswtt00900000b;cloudType=Consumer;environment=Prod_brazilsouth_prod-s01-034-sam-brazilsouth;migrationStage=NotStarted}
{"logTime": "0719/025426", "correlationVector":"j4IybwhPQ+K4NBMybN64ni","action":"Initial GetUpdates", "result":"", "context":Reason: NEWLY_SUPPORTED_DATATYPE. cV=j4IybwhPQ+K4NBMybN64ni}
{"logTime": "0719/025427", "correlationVector":"j4IybwhPQ+K4NBMybN64ni.1","action":"SyncServerConnectionManagerRequest", "result":"SYNC_SERVER_OK", "context":{"environment":"Prod_brazilsouth_prod-s01-001-sam-brazilsouth", "migrationStage":"NotStarted", "server":"akswtt21300001r"}}
{"logTime": "0719/025427", "correlationVector":"j4IybwhPQ+K4NBMybN64ni.2","action":"ProcessGetUpdates", "result":"Done", "context":{"dataType":"Passwords", "deleted":"0", "process_failed_to_decrypt":"0", "process_pending_decryption":"0", "process_success":"2", "total":"2"}}
{"logTime": "0719/025427", "correlationVector":"j4IybwhPQ+K4NBMybN64ni.3","action":"GetUpdates Response", "result":"Success", "context":Received 2 update(s). cV=j4IybwhPQ+K4NBMybN64ni.0;server=akswtt21300001r;cloudType=Consumer;environment=Prod_brazilsouth_prod-s01-001-sam-brazilsouth;migrationStage=NotStarted}
{"logTime": "0719/025427", "correlationVector":"kiHpbECyzwkYf+/5/jpvmz","action":"Normal GetUpdate request", "result":"", "context":cV=kiHpbECyzwkYf+/5/jpvmz
Nudged types: Sessions, Device Info, History
Refresh requested types: Bookmarks, Preferences, Passwords, Autofill Profiles, Autofill, Extensions, Sessions, Extension settings, History Delete Directives, Device Info, User Consents, Send Tab To Self, Web Apps, History, Saved Tab Group, WebAuthn Credentials, Collection, Edge E Drop, Edge Hub App Usage, Edge Wallet, Encryption Keys}
{"logTime": "0719/025427", "correlationVector":"kiHpbECyzwkYf+/5/jpvmz.1","action":"SyncServerConnectionManagerRequest", "result":"SYNC_SERVER_OK", "context":{"environment":"Prod_brazilsouth_prod-s01-001-sam-brazilsouth", "migrationStage":"NotStarted", "server":"akswtt21300000g"}}
{"logTime": "0719/025427", "correlationVector":"kiHpbECyzwkYf+/5/jpvmz.2","action":"ProcessGetUpdates", "result":"Done", "context":{"dataType":"Preferences", "deleted":"0", "process_failed_to_decrypt":"0", "process_pending_decryption":"0", "process_success":"2", "total":"2"}}
{"logTime": "0719/025427", "correlationVector":"kiHpbECyzwkYf+/5/jpvmz.3","action":"ProcessGetUpdates", "result":"Done", "context":{"dataType":"Sessions", "deleted":"1", "process_failed_to_decrypt":"0", "process_pending_decryption":"0", "process_success":"3", "total":"3"}}
{"logTime": "0719/025427", "correlationVector":"kiHpbECyzwkYf+/5/jpvmz.4","action":"ProcessGetUpdates", "result":"Done", "context":{"dataType":"Device Info", "deleted":"0", "process_failed_to_decrypt":"0", "process_pending_decryption":"0", "process_success":"1", "total":"1"}}
{"logTime": "0719/025427", "correlationVector":"kiHpbECyzwkYf+/5/jpvmz.5","action":"ProcessGetUpdates", "result":"Done", "context":{"dataType":"History", "deleted":"0", "process_failed_to_decrypt":"0", "process_pending_decryption":"0", "process_success":"3", "total":"3"}}
{"logTime": "0719/025427", "correlationVector":"kiHpbECyzwkYf+/5/jpvmz.6","action":"GetUpdates Response", "result":"Success", "context":Received 9 update(s). cV=kiHpbECyzwkYf+/5/jpvmz.0;server=akswtt21300000g;cloudType=Consumer;environment=Prod_brazilsouth_prod-s01-001-sam-brazilsouth;migrationStage=NotStarted}
{"logTime": "0719/025427", "correlationVector":"GAox8Er4Wf2zsoSO26xY1W","action":"Poll GetUpdate request", "result":"", "context":cV=GAox8Er4Wf2zsoSO26xY1W}
{"logTime": "0719/025427", "correlationVector":"GAox8Er4Wf2zsoSO26xY1W.1","action":"SyncServerConnectionManagerRequest", "result":"SYNC_SERVER_OK", "context":{"environment":"Prod_brazilsouth_prod-s01-001-sam-brazilsouth", "migrationStage":"NotStarted", "server":"akswtt213000017"}}
{"logTime": "0719/025427", "correlationVector":"GAox8Er4Wf2zsoSO26xY1W.2","action":"GetUpdates Response", "result":"Success", "context":Received 0 update(s). cV=GAox8Er4Wf2zsoSO26xY1W.0;server=akswtt213000017;cloudType=Consumer;environment=Prod_brazilsouth_prod-s01-001-sam-brazilsouth;migrationStage=NotStarted}
{"logTime": "0719/025437", "correlationVector":"g+L4dqGzuReBdsdTxe3Pp/","action":"Commit Request", "result":"", "context":Item count: 4
Contributing types: Preferences, Sessions, History}
{"logTime": "0719/025438", "correlationVector":"g+L4dqGzuReBdsdTxe3Pp/.1","action":"SyncServerConnectionManagerRequest", "result":"SYNC_SERVER_OK", "context":{"environment":"Prod_brazilsouth_prod-s01-001-sam-brazilsouth", "migrationStage":"NotStarted", "server":"akswtt21300000d"}}
{"logTime": "0719/025438", "correlationVector":"g+L4dqGzuReBdsdTxe3Pp/.2","action":"Commit Response", "result":"Success", "context":Result: Success. cV=g+L4dqGzuReBdsdTxe3Pp/.0;server=akswtt21300000d;cloudType=Consumer;environment=Prod_brazilsouth_prod-s01-001-sam-brazilsouth;migrationStage=NotStarted}
{"logTime": "0719/025539", "correlationVector":"rk2rbYPFi15mqgPi2VXfrZ","action":"Commit Request", "result":"", "context":Item count: 1
Contributing types: Device Info}
{"logTime": "0719/025539", "correlationVector":"rk2rbYPFi15mqgPi2VXfrZ.1","action":"SyncServerConnectionManagerRequest", "result":"SYNC_SERVER_OK", "context":{"environment":"Prod_brazilsouth_prod-s01-001-sam-brazilsouth", "migrationStage":"NotStarted", "server":"akswtt21300001s"}}
{"logTime": "0719/025539", "correlationVector":"rk2rbYPFi15mqgPi2VXfrZ.2","action":"Commit Response", "result":"Success", "context":Result: Success. cV=rk2rbYPFi15mqgPi2VXfrZ.0;server=akswtt21300001s;cloudType=Consumer;environment=Prod_brazilsouth_prod-s01-001-sam-brazilsouth;migrationStage=NotStarted}
{"logTime": "0719/031530", "correlationVector":"oQLa8nqXKbknL/ryvGnyNs","action":"Commit Request", "result":"", "context":Item count: 1
Contributing types: Sessions}
{"logTime": "0719/031531", "correlationVector":"oQLa8nqXKbknL/ryvGnyNs.1","action":"SyncServerConnectionManagerRequest", "result":"SYNC_SERVER_OK", "context":{"environment":"Prod_brazilsouth_prod-s01-034-sam-brazilsouth", "migrationStage":"NotStarted", "server":"akswtt00900001i"}}
{"logTime": "0719/031531", "correlationVector":"oQLa8nqXKbknL/ryvGnyNs.2","action":"Commit Response", "result":"Success", "context":Result: Success. cV=oQLa8nqXKbknL/ryvGnyNs.0;server=akswtt00900001i;cloudType=Consumer;environment=Prod_brazilsouth_prod-s01-034-sam-brazilsouth;migrationStage=NotStarted}
{"logTime": "0730/002241", "correlationVector":"mxV1utHEcdADtWJ5GO25sK.1","action":"SyncServerConnectionManagerRequest", "result":"SYNC_SERVER_OK", "context":{"environment":"Prod_brazilsouth_prod-s01-001-sam-brazilsouth", "migrationStage":"NotStarted", "server":"akswtt21400000j"}}
{"logTime": "0730/002241", "correlationVector":"mxV1utHEcdADtWJ5GO25sK.2","action":"ProcessGetUpdates", "result":"Done", "context":{"dataType":"Encryption Keys", "deleted":"0", "process_failed_to_decrypt":"0", "process_pending_decryption":"0", "process_success":"1", "total":"1"}}
{"logTime": "0730/002241", "correlationVector":"yj59F8GT7PfShL+NqlqNNq","action":"ValidateEncryptionKeys", "result":"No mitigation", "context":Nigori: [:1743623074875]}
{"logTime": "0730/002242", "correlationVector":"yj59F8GT7PfShL+NqlqNNq.0","action":"SyncServerConnectionManagerRequest", "result":"SYNC_SERVER_OK", "context":{"environment":"", "migrationStage":"", "server":""}}
{"logTime": "0730/002242", "correlationVector":"yj59F8GT7PfShL+NqlqNNq.1","action":"EncryptionKeysFetcher.DownloadKeys:", "result":"Success", "context":Key count: 5, Last key timestamp: 2025-04-02T19:44:33Z}
{"logTime": "0730/002242", "correlationVector":"yj59F8GT7PfShL+NqlqNNq.2","action":"EncryptionKeysManager::SetEncryptionKeys:", "result":"Success", "context":Key names[5]:[+OweXsi5EzsGP5OxacPGjnfkrt76ZxOso3vLXtzVbXGUSfaYSnIXOVb2aU98yZt8CMNW6HhcSSeAzo2cjuH7zQ==][Tp7i/Ojr8Vb9IyN2DQn6hhhcntNSIsN34g0/rCPHHdi4oFTGhA+NsQAO5/PUjHVr+llxoCawOIdoaMnjQaZNJA==][K3fRpBKPSxtIgRLvG8JkbgTV2yJ4T5UIV+GM35Jdi9AEpFWBQ7ibvCJbxMt7chx/t0GVy1OCQP0nVhBzZMSY2w==][sBMnFiWOzPg9yS98INzzt82/gUgsX4mlTdH8nHNvCpP3ZDp0+zfSXXwZsf5g0y5A6EFbZMZV3LEBKDnfgxnZkw==][VXKLbMf6gEi5P1dW4n9x/AtWkCZqa7fWsfOkTNo2kZfiEi3hs/gZdE6hvnqEz98AfyuA/SL0qNJlyzU8TJn2HA==]}
{"logTime": "0730/002242", "correlationVector":"yj59F8GT7PfShL+NqlqNNq.3","action":"EncryptionKeysManager::SetEncryptionKeysWithTimestamps:", "result":"Success", "context":Key timestamps[5]:[2023-03-14T09:58:32Z][2023-10-10T20:09:35Z][2024-04-26T20:30:14Z][2024-05-25T00:14:12Z][2025-04-02T19:44:33Z]}
{"logTime": "0730/002242", "correlationVector":"mxV1utHEcdADtWJ5GO25sK","action":"Initial GetUpdates", "result":"", "context":Reason: NEW_CLIENT. cV=mxV1utHEcdADtWJ5GO25sK}
{"logTime": "0730/002242", "correlationVector":"mxV1utHEcdADtWJ5GO25sK.3","action":"GetUpdates Response", "result":"Success", "context":Received 1 update(s). cV=mxV1utHEcdADtWJ5GO25sK.0;server=akswtt21400000j;cloudType=Consumer;environment=Prod_brazilsouth_prod-s01-001-sam-brazilsouth;migrationStage=NotStarted}
{"logTime": "0730/002242", "correlationVector":"xMS9VK1bYg7naer4IxZkRa","action":"Initial GetUpdates", "result":"", "context":Reason: NEWLY_SUPPORTED_DATATYPE. cV=xMS9VK1bYg7naer4IxZkRa}
{"logTime": "0730/002242", "correlationVector":"xMS9VK1bYg7naer4IxZkRa.1","action":"SyncServerConnectionManagerRequest", "result":"SYNC_SERVER_OK", "context":{"environment":"Prod_brazilsouth_prod-s01-001-sam-brazilsouth", "migrationStage":"NotStarted", "server":"akswtt21400000x"}}
{"logTime": "0730/002242", "correlationVector":"xMS9VK1bYg7naer4IxZkRa.2","action":"ProcessGetUpdates", "result":"Done", "context":{"dataType":"Passwords", "deleted":"0", "process_failed_to_decrypt":"0", "process_pending_decryption":"0", "process_success":"2", "total":"2"}}
{"logTime": "0730/002242", "correlationVector":"xMS9VK1bYg7naer4IxZkRa.3","action":"GetUpdates Response", "result":"Success", "context":Received 2 update(s). cV=xMS9VK1bYg7naer4IxZkRa.0;server=akswtt21400000x;cloudType=Consumer;environment=Prod_brazilsouth_prod-s01-001-sam-brazilsouth;migrationStage=NotStarted}
{"logTime": "0730/002242", "correlationVector":"FxG63YCpg95BUTqRJRrq+6","action":"Normal GetUpdate request", "result":"", "context":cV=FxG63YCpg95BUTqRJRrq+6
Nudged types: Sessions, Device Info, History
Refresh requested types: Bookmarks, Preferences, Passwords, Autofill Profiles, Autofill, Extensions, Sessions, Extension settings, History Delete Directives, Device Info, User Consents, Send Tab To Self, Web Apps, History, Saved Tab Group, WebAuthn Credentials, Collection, Edge E Drop, Edge Hub App Usage, Edge Wallet, Encryption Keys}
{"logTime": "0730/002242", "correlationVector":"FxG63YCpg95BUTqRJRrq+6.1","action":"SyncServerConnectionManagerRequest", "result":"SYNC_SERVER_OK", "context":{"environment":"Prod_brazilsouth_prod-s01-001-sam-brazilsouth", "migrationStage":"NotStarted", "server":"akswtt21400000i"}}
{"logTime": "0730/002242", "correlationVector":"FxG63YCpg95BUTqRJRrq+6.2","action":"ProcessGetUpdates", "result":"Done", "context":{"dataType":"Preferences", "deleted":"0", "process_failed_to_decrypt":"0", "process_pending_decryption":"0", "process_success":"1", "total":"1"}}
{"logTime": "0730/002242", "correlationVector":"FxG63YCpg95BUTqRJRrq+6.3","action":"ProcessGetUpdates", "result":"Done", "context":{"dataType":"Sessions", "deleted":"0", "process_failed_to_decrypt":"0", "process_pending_decryption":"0", "process_success":"2", "total":"2"}}
{"logTime": "0730/002242", "correlationVector":"FxG63YCpg95BUTqRJRrq+6.4","action":"ProcessGetUpdates", "result":"Done", "context":{"dataType":"Device Info", "deleted":"0", "process_failed_to_decrypt":"0", "process_pending_decryption":"0", "process_success":"1", "total":"1"}}
{"logTime": "0730/002242", "correlationVector":"FxG63YCpg95BUTqRJRrq+6.5","action":"ProcessGetUpdates", "result":"Done", "context":{"dataType":"History", "deleted":"0", "process_failed_to_decrypt":"0", "process_pending_decryption":"0", "process_success":"1", "total":"1"}}
{"logTime": "0730/002242", "correlationVector":"FxG63YCpg95BUTqRJRrq+6.6","action":"GetUpdates Response", "result":"Success", "context":Received 5 update(s). cV=FxG63YCpg95BUTqRJRrq+6.0;server=akswtt21400000i;cloudType=Consumer;environment=Prod_brazilsouth_prod-s01-001-sam-brazilsouth;migrationStage=NotStarted}
{"logTime": "0730/002242", "correlationVector":"q0bzO9o/V7j/O3EU0Zg+At","action":"Commit Request", "result":"", "context":Item count: 4
Contributing types: Sessions, Device Info, History}
{"logTime": "0730/002243", "correlationVector":"q0bzO9o/V7j/O3EU0Zg+At.1","action":"SyncServerConnectionManagerRequest", "result":"SYNC_SERVER_OK", "context":{"environment":"Prod_brazilsouth_prod-s01-001-sam-brazilsouth", "migrationStage":"NotStarted", "server":"akswtt21400000o"}}
{"logTime": "0730/002243", "correlationVector":"q0bzO9o/V7j/O3EU0Zg+At.2","action":"Commit Response", "result":"Success", "context":Result: Success. cV=q0bzO9o/V7j/O3EU0Zg+At.0;server=akswtt21400000o;cloudType=Consumer;environment=Prod_brazilsouth_prod-s01-001-sam-brazilsouth;migrationStage=NotStarted}
{"logTime": "0730/002243", "correlationVector":"ORaRKbGyWDJnKeiFIF62Z4","action":"Poll GetUpdate request", "result":"", "context":cV=ORaRKbGyWDJnKeiFIF62Z4}
{"logTime": "0730/002243", "correlationVector":"ORaRKbGyWDJnKeiFIF62Z4.1","action":"SyncServerConnectionManagerRequest", "result":"SYNC_SERVER_OK", "context":{"environment":"Prod_brazilsouth_prod-s01-001-sam-brazilsouth", "migrationStage":"NotStarted", "server":"akswtt214000012"}}
{"logTime": "0730/002243", "correlationVector":"ORaRKbGyWDJnKeiFIF62Z4.2","action":"ProcessGetUpdates", "result":"Done", "context":{"dataType":"Sessions", "deleted":"0", "process_failed_to_decrypt":"0", "process_pending_decryption":"0", "process_success":"2", "total":"2"}}
{"logTime": "0730/002243", "correlationVector":"ORaRKbGyWDJnKeiFIF62Z4.3","action":"ProcessGetUpdates", "result":"Done", "context":{"dataType":"Device Info", "deleted":"0", "process_failed_to_decrypt":"0", "process_pending_decryption":"0", "process_success":"1", "total":"1"}}
{"logTime": "0730/002243", "correlationVector":"ORaRKbGyWDJnKeiFIF62Z4.4","action":"ProcessGetUpdates", "result":"Done", "context":{"dataType":"History", "deleted":"0", "process_failed_to_decrypt":"0", "process_pending_decryption":"0", "process_success":"1", "total":"1"}}
{"logTime": "0730/002243", "correlationVector":"ORaRKbGyWDJnKeiFIF62Z4.5","action":"GetUpdates Response", "result":"Success", "context":Received 4 update(s). cV=ORaRKbGyWDJnKeiFIF62Z4.0;server=akswtt214000012;cloudType=Consumer;environment=Prod_brazilsouth_prod-s01-001-sam-brazilsouth;migrationStage=NotStarted}
{"logTime": "0730/002243", "correlationVector":"IBYwdLgG6hCfWnKYr6566D","action":"DoCompareDataConsistency requsted types: ", "result":"Bookmarks, Preferences, Passwords, Extensions, Extension settings, History Delete Directives, Send Tab To Self, Web Apps, History, Saved Tab Group, WebAuthn Credentials, Collection, Edge E Drop, Edge Wallet, Encryption Keys"}
{"logTime": "0730/002243", "correlationVector":"IBYwdLgG6hCfWnKYr6566D.0","action":"CompareDataConsistency result: ", "result":"Compare result: Encryption Keys is consistent. local entities count is: 1 local entities hash is: tKSkoHUTzuL7YDU1rfMah94ySgc="}
{"logTime": "0730/002243", "correlationVector":"IBYwdLgG6hCfWnKYr6566D.1","action":"CompareDataConsistency result: ", "result":"Compare result: Bookmarks is consistent. local entities count is: 0 local entities hash is: "}
{"logTime": "0730/002243", "correlationVector":"IBYwdLgG6hCfWnKYr6566D.2","action":"CompareDataConsistency result: ", "result":"Compare result: Preferences is consistent. local entities count is: 48 local entities hash is: 0lA0RXhKHx9gFCVVlL5jjLjSTv4="}
{"logTime": "0730/002243", "correlationVector":"IBYwdLgG6hCfWnKYr6566D.3","action":"CompareDataConsistency result: ", "result":"Compare result: Extensions is consistent. local entities count is: 0 local entities hash is: "}
{"logTime": "0730/002243", "correlationVector":"IBYwdLgG6hCfWnKYr6566D.4","action":"CompareDataConsistency result: ", "result":"Compare result: Extension settings is consistent. local entities count is: 0 local entities hash is: "}
{"logTime": "0730/002243", "correlationVector":"IBYwdLgG6hCfWnKYr6566D.5","action":"CompareDataConsistency result: ", "result":"Compare result: History Delete Directives is consistent. local entities count is: 0 local entities hash is: "}
{"logTime": "0730/002243", "correlationVector":"IBYwdLgG6hCfWnKYr6566D.6","action":"CompareDataConsistency result: ", "result":"Server did not send this Send Tab To Self local entities count is: 0 local entities hash is: "}
{"logTime": "0730/002243", "correlationVector":"IBYwdLgG6hCfWnKYr6566D.7","action":"CompareDataConsistency result: ", "result":"Compare result: Web Apps is consistent. local entities count is: 0 local entities hash is: "}
{"logTime": "0730/002243", "correlationVector":"IBYwdLgG6hCfWnKYr6566D.8","action":"CompareDataConsistency result: ", "result":"Server did not send this History local entities count is: 0 local entities hash is: "}
{"logTime": "0730/002243", "correlationVector":"IBYwdLgG6hCfWnKYr6566D.9","action":"CompareDataConsistency result: ", "result":"Compare result: Saved Tab Group is consistent. local entities count is: 0 local entities hash is: "}
{"logTime": "0730/002243", "correlationVector":"IBYwdLgG6hCfWnKYr6566D.10","action":"CompareDataConsistency result: ", "result":"Server did not send this WebAuthn Credentials local entities count is: 0 local entities hash is: "}
{"logTime": "0730/002243", "correlationVector":"IBYwdLgG6hCfWnKYr6566D.11","action":"CompareDataConsistency result: ", "result":"Compare result: Collection is consistent. local entities count is: 0 local entities hash is: "}
{"logTime": "0730/002243", "correlationVector":"IBYwdLgG6hCfWnKYr6566D.12","action":"CompareDataConsistency result: ", "result":"Compare result: Edge E Drop is consistent. local entities count is: 0 local entities hash is: "}
{"logTime": "0730/002243", "correlationVector":"IBYwdLgG6hCfWnKYr6566D.13","action":"CompareDataConsistency result: ", "result":"Compare result: Edge Wallet is consistent. local entities count is: 0 local entities hash is: "}
{"logTime": "0730/002243", "correlationVector":"IBYwdLgG6hCfWnKYr6566D.14","action":"CompareDataConsistency result: ", "result":"Compare result: Passwords is consistent. local entities count is: 2 local entities hash is: pw6glFxQ7F7Z7cD8bWHwJsC6U2w="}
{"logTime": "0730/002243", "correlationVector":"","action":"DIAGNOSTIC_REQUEST|v1/diagnosticData/Diagnostic.SendCheckResult()|SUCCESS", "result":""}
{"logTime": "0730/002252", "correlationVector":"AtVNSmw4x/3HtRuXH5tVTX","action":"Commit Request", "result":"", "context":Item count: 3
Contributing types: Preferences, Sessions, History}
{"logTime": "0730/002253", "correlationVector":"AtVNSmw4x/3HtRuXH5tVTX.1","action":"SyncServerConnectionManagerRequest", "result":"SYNC_SERVER_OK", "context":{"environment":"Prod_brazilsouth_prod-s01-001-sam-brazilsouth", "migrationStage":"NotStarted", "server":"akswtt21400001j"}}
{"logTime": "0730/002253", "correlationVector":"AtVNSmw4x/3HtRuXH5tVTX.2","action":"Commit Response", "result":"Success", "context":Result: Success. cV=AtVNSmw4x/3HtRuXH5tVTX.0;server=akswtt21400001j;cloudType=Consumer;environment=Prod_brazilsouth_prod-s01-001-sam-brazilsouth;migrationStage=NotStarted}
{"logTime": "0730/002312", "correlationVector":"L79OV3YN5EKBaJYO5SukSQ","action":"Commit Request", "result":"", "context":Item count: 1
Contributing types: Preferences}
{"logTime": "0730/002312", "correlationVector":"L79OV3YN5EKBaJYO5SukSQ.1","action":"SyncServerConnectionManagerRequest", "result":"SYNC_SERVER_OK", "context":{"environment":"Prod_brazilsouth_prod-s01-001-sam-brazilsouth", "migrationStage":"NotStarted", "server":"akswtt214000010"}}
{"logTime": "0730/002312", "correlationVector":"L79OV3YN5EKBaJYO5SukSQ.2","action":"Commit Response", "result":"Success", "context":Result: Success. cV=L79OV3YN5EKBaJYO5SukSQ.0;server=akswtt214000010;cloudType=Consumer;environment=Prod_brazilsouth_prod-s01-001-sam-brazilsouth;migrationStage=NotStarted}
{"logTime": "0730/002353", "correlationVector":"HothF1rPeaXItYpXwtESAi","action":"Commit Request", "result":"", "context":Item count: 1
Contributing types: Device Info}
{"logTime": "0730/002353", "correlationVector":"HothF1rPeaXItYpXwtESAi.1","action":"SyncServerConnectionManagerRequest", "result":"SYNC_SERVER_OK", "context":{"environment":"Prod_brazilsouth_prod-s01-001-sam-brazilsouth", "migrationStage":"NotStarted", "server":"akswtt214000006"}}
{"logTime": "0730/002353", "correlationVector":"HothF1rPeaXItYpXwtESAi.2","action":"Commit Response", "result":"Success", "context":Result: Success. cV=HothF1rPeaXItYpXwtESAi.0;server=akswtt214000006;cloudType=Consumer;environment=Prod_brazilsouth_prod-s01-001-sam-brazilsouth;migrationStage=NotStarted}
{"logTime": "0730/013258", "correlationVector":"bLngKjKoYYQSWXhwXhjcQ6.1","action":"SyncServerConnectionManagerRequest", "result":"SYNC_SERVER_OK", "context":{"environment":"Prod_brazilsouth_prod-s01-001-sam-brazilsouth", "migrationStage":"NotStarted", "server":"akswtt21400000r"}}
{"logTime": "0730/013258", "correlationVector":"bLngKjKoYYQSWXhwXhjcQ6.2","action":"ProcessGetUpdates", "result":"Done", "context":{"dataType":"Encryption Keys", "deleted":"0", "process_failed_to_decrypt":"0", "process_pending_decryption":"0", "process_success":"1", "total":"1"}}
{"logTime": "0730/013259", "correlationVector":"67NDu2r7PTLX/Q5oR6q9zJ","action":"SyncServerConnectionManagerRequest", "result":"SYNC_SERVER_OK", "context":{"environment":"", "migrationStage":"", "server":""}}
{"logTime": "0730/013259", "correlationVector":"67NDu2r7PTLX/Q5oR6q9zJ.0","action":"EncryptionKeysFetcher.DownloadKeys:", "result":"Success", "context":Key count: 5, Last key timestamp: 2025-04-02T19:44:33Z}
{"logTime": "0730/013259", "correlationVector":"67NDu2r7PTLX/Q5oR6q9zJ.1","action":"EncryptionKeysManager::SetEncryptionKeys:", "result":"Success", "context":Key names[5]:[+OweXsi5EzsGP5OxacPGjnfkrt76ZxOso3vLXtzVbXGUSfaYSnIXOVb2aU98yZt8CMNW6HhcSSeAzo2cjuH7zQ==][Tp7i/Ojr8Vb9IyN2DQn6hhhcntNSIsN34g0/rCPHHdi4oFTGhA+NsQAO5/PUjHVr+llxoCawOIdoaMnjQaZNJA==][K3fRpBKPSxtIgRLvG8JkbgTV2yJ4T5UIV+GM35Jdi9AEpFWBQ7ibvCJbxMt7chx/t0GVy1OCQP0nVhBzZMSY2w==][sBMnFiWOzPg9yS98INzzt82/gUgsX4mlTdH8nHNvCpP3ZDp0+zfSXXwZsf5g0y5A6EFbZMZV3LEBKDnfgxnZkw==][VXKLbMf6gEi5P1dW4n9x/AtWkCZqa7fWsfOkTNo2kZfiEi3hs/gZdE6hvnqEz98AfyuA/SL0qNJlyzU8TJn2HA==]}
{"logTime": "0730/013259", "correlationVector":"67NDu2r7PTLX/Q5oR6q9zJ.2","action":"EncryptionKeysManager::SetEncryptionKeysWithTimestamps:", "result":"Success", "context":Key timestamps[5]:[2023-03-14T09:58:32Z][2023-10-10T20:09:35Z][2024-04-26T20:30:14Z][2024-05-25T00:14:12Z][2025-04-02T19:44:33Z]}
{"logTime": "0730/013259", "correlationVector":"bLngKjKoYYQSWXhwXhjcQ6","action":"Initial GetUpdates", "result":"", "context":Reason: NEW_CLIENT. cV=bLngKjKoYYQSWXhwXhjcQ6}
{"logTime": "0730/013259", "correlationVector":"bLngKjKoYYQSWXhwXhjcQ6.3","action":"GetUpdates Response", "result":"Success", "context":Received 1 update(s). cV=bLngKjKoYYQSWXhwXhjcQ6.0;server=akswtt21400000r;cloudType=Consumer;environment=Prod_brazilsouth_prod-s01-001-sam-brazilsouth;migrationStage=NotStarted}
{"logTime": "0730/013259", "correlationVector":"JqLwxwBmO8MW7mSAVMhQfg","action":"Initial GetUpdates", "result":"", "context":Reason: NEWLY_SUPPORTED_DATATYPE. cV=JqLwxwBmO8MW7mSAVMhQfg}
{"logTime": "0730/013259", "correlationVector":"JqLwxwBmO8MW7mSAVMhQfg.1","action":"SyncServerConnectionManagerRequest", "result":"SYNC_SERVER_OK", "context":{"environment":"Prod_brazilsouth_prod-s01-001-sam-brazilsouth", "migrationStage":"NotStarted", "server":"akswtt21400000w"}}
{"logTime": "0730/013259", "correlationVector":"JqLwxwBmO8MW7mSAVMhQfg.2","action":"ProcessGetUpdates", "result":"Done", "context":{"dataType":"Passwords", "deleted":"0", "process_failed_to_decrypt":"0", "process_pending_decryption":"0", "process_success":"2", "total":"2"}}
{"logTime": "0730/013259", "correlationVector":"JqLwxwBmO8MW7mSAVMhQfg.3","action":"GetUpdates Response", "result":"Success", "context":Received 2 update(s). cV=JqLwxwBmO8MW7mSAVMhQfg.0;server=akswtt21400000w;cloudType=Consumer;environment=Prod_brazilsouth_prod-s01-001-sam-brazilsouth;migrationStage=NotStarted}
{"logTime": "0730/013259", "correlationVector":"gSurlM9F4AjCo2rkvbMABA","action":"Normal GetUpdate request", "result":"", "context":cV=gSurlM9F4AjCo2rkvbMABA
Nudged types: Sessions, Device Info, History
Refresh requested types: Bookmarks, Preferences, Passwords, Autofill Profiles, Autofill, Extensions, Sessions, Extension settings, History Delete Directives, Device Info, User Consents, Send Tab To Self, Web Apps, History, Saved Tab Group, WebAuthn Credentials, Collection, Edge E Drop, Edge Hub App Usage, Edge Wallet, Encryption Keys}
{"logTime": "0730/013259", "correlationVector":"gSurlM9F4AjCo2rkvbMABA.1","action":"SyncServerConnectionManagerRequest", "result":"SYNC_SERVER_OK", "context":{"environment":"Prod_brazilsouth_prod-s01-001-sam-brazilsouth", "migrationStage":"NotStarted", "server":"akswtt21400001z"}}
{"logTime": "0730/013259", "correlationVector":"gSurlM9F4AjCo2rkvbMABA.2","action":"ProcessGetUpdates", "result":"Done", "context":{"dataType":"Preferences", "deleted":"0", "process_failed_to_decrypt":"0", "process_pending_decryption":"0", "process_success":"2", "total":"2"}}
{"logTime": "0730/013259", "correlationVector":"gSurlM9F4AjCo2rkvbMABA.3","action":"ProcessGetUpdates", "result":"Done", "context":{"dataType":"Sessions", "deleted":"2", "process_failed_to_decrypt":"0", "process_pending_decryption":"0", "process_success":"7", "total":"7"}}
{"logTime": "0730/013259", "correlationVector":"gSurlM9F4AjCo2rkvbMABA.4","action":"ProcessGetUpdates", "result":"Done", "context":{"dataType":"Device Info", "deleted":"0", "process_failed_to_decrypt":"0", "process_pending_decryption":"0", "process_success":"1", "total":"1"}}
{"logTime": "0730/013259", "correlationVector":"gSurlM9F4AjCo2rkvbMABA.5","action":"ProcessGetUpdates", "result":"Done", "context":{"dataType":"History", "deleted":"0", "process_failed_to_decrypt":"0", "process_pending_decryption":"0", "process_success":"4", "total":"4"}}
{"logTime": "0730/013259", "correlationVector":"gSurlM9F4AjCo2rkvbMABA.6","action":"GetUpdates Response", "result":"Success", "context":Received 14 update(s). cV=gSurlM9F4AjCo2rkvbMABA.0;server=akswtt21400001z;cloudType=Consumer;environment=Prod_brazilsouth_prod-s01-001-sam-brazilsouth;migrationStage=NotStarted}
{"logTime": "0730/013303", "correlationVector":"4LKodq5U+osYI9cGwHzCYD","action":"Commit Request", "result":"", "context":Item count: 1
Contributing types: Preferences}
{"logTime": "0730/013304", "correlationVector":"4LKodq5U+osYI9cGwHzCYD.1","action":"SyncServerConnectionManagerRequest", "result":"SYNC_SERVER_OK", "context":{"environment":"Prod_brazilsouth_prod-s01-001-sam-brazilsouth", "migrationStage":"NotStarted", "server":"akswtt214000005"}}
{"logTime": "0730/013304", "correlationVector":"4LKodq5U+osYI9cGwHzCYD.2","action":"Commit Response", "result":"Success", "context":Result: Success. cV=4LKodq5U+osYI9cGwHzCYD.0;server=akswtt214000005;cloudType=Consumer;environment=Prod_brazilsouth_prod-s01-001-sam-brazilsouth;migrationStage=NotStarted}
{"logTime": "0730/013404", "correlationVector":"3HACtTWKFGKT7R9yBppgW5","action":"Commit Request", "result":"", "context":Item count: 3
Contributing types: Sessions, History}
{"logTime": "0730/013404", "correlationVector":"3HACtTWKFGKT7R9yBppgW5.1","action":"SyncServerConnectionManagerRequest", "result":"SYNC_SERVER_OK", "context":{"environment":"Prod_brazilsouth_prod-s01-001-sam-brazilsouth", "migrationStage":"NotStarted", "server":"akswtt21400001t"}}
{"logTime": "0730/013404", "correlationVector":"3HACtTWKFGKT7R9yBppgW5.2","action":"Commit Response", "result":"Success", "context":Result: Success. cV=3HACtTWKFGKT7R9yBppgW5.0;server=akswtt21400001t;cloudType=Consumer;environment=Prod_brazilsouth_prod-s01-001-sam-brazilsouth;migrationStage=NotStarted}
{"logTime": "0730/014912", "correlationVector":"QboexS0rMXPgk48ywh5Gwz.1","action":"SyncServerConnectionManagerRequest", "result":"SYNC_SERVER_OK", "context":{"environment":"Prod_brazilsouth_prod-s01-001-sam-brazilsouth", "migrationStage":"NotStarted", "server":"akswtt21400000d"}}
{"logTime": "0730/014912", "correlationVector":"QboexS0rMXPgk48ywh5Gwz.2","action":"ProcessGetUpdates", "result":"Done", "context":{"dataType":"Encryption Keys", "deleted":"0", "process_failed_to_decrypt":"0", "process_pending_decryption":"0", "process_success":"1", "total":"1"}}
{"logTime": "0730/014912", "correlationVector":"NPp6/Q0L3mGMTyxOwq0gjA","action":"SyncServerConnectionManagerRequest", "result":"SYNC_SERVER_OK", "context":{"environment":"", "migrationStage":"", "server":""}}
{"logTime": "0730/014912", "correlationVector":"NPp6/Q0L3mGMTyxOwq0gjA.0","action":"EncryptionKeysFetcher.DownloadKeys:", "result":"Success", "context":Key count: 5, Last key timestamp: 2025-04-02T19:44:33Z}
{"logTime": "0730/014912", "correlationVector":"NPp6/Q0L3mGMTyxOwq0gjA.1","action":"EncryptionKeysManager::SetEncryptionKeys:", "result":"Success", "context":Key names[5]:[+OweXsi5EzsGP5OxacPGjnfkrt76ZxOso3vLXtzVbXGUSfaYSnIXOVb2aU98yZt8CMNW6HhcSSeAzo2cjuH7zQ==][Tp7i/Ojr8Vb9IyN2DQn6hhhcntNSIsN34g0/rCPHHdi4oFTGhA+NsQAO5/PUjHVr+llxoCawOIdoaMnjQaZNJA==][K3fRpBKPSxtIgRLvG8JkbgTV2yJ4T5UIV+GM35Jdi9AEpFWBQ7ibvCJbxMt7chx/t0GVy1OCQP0nVhBzZMSY2w==][sBMnFiWOzPg9yS98INzzt82/gUgsX4mlTdH8nHNvCpP3ZDp0+zfSXXwZsf5g0y5A6EFbZMZV3LEBKDnfgxnZkw==][VXKLbMf6gEi5P1dW4n9x/AtWkCZqa7fWsfOkTNo2kZfiEi3hs/gZdE6hvnqEz98AfyuA/SL0qNJlyzU8TJn2HA==]}
{"logTime": "0730/014912", "correlationVector":"NPp6/Q0L3mGMTyxOwq0gjA.2","action":"EncryptionKeysManager::SetEncryptionKeysWithTimestamps:", "result":"Success", "context":Key timestamps[5]:[2023-03-14T09:58:32Z][2023-10-10T20:09:35Z][2024-04-26T20:30:14Z][2024-05-25T00:14:12Z][2025-04-02T19:44:33Z]}
{"logTime": "0730/014912", "correlationVector":"QboexS0rMXPgk48ywh5Gwz","action":"Initial GetUpdates", "result":"", "context":Reason: NEW_CLIENT. cV=QboexS0rMXPgk48ywh5Gwz}
{"logTime": "0730/014912", "correlationVector":"QboexS0rMXPgk48ywh5Gwz.3","action":"GetUpdates Response", "result":"Success", "context":Received 1 update(s). cV=QboexS0rMXPgk48ywh5Gwz.0;server=akswtt21400000d;cloudType=Consumer;environment=Prod_brazilsouth_prod-s01-001-sam-brazilsouth;migrationStage=NotStarted}
{"logTime": "0730/014912", "correlationVector":"MXVS2EbLG+2et0igm64Pl8","action":"Initial GetUpdates", "result":"", "context":Reason: NEWLY_SUPPORTED_DATATYPE. cV=MXVS2EbLG+2et0igm64Pl8}
{"logTime": "0730/014913", "correlationVector":"MXVS2EbLG+2et0igm64Pl8.1","action":"SyncServerConnectionManagerRequest", "result":"SYNC_SERVER_OK", "context":{"environment":"Prod_brazilsouth_prod-s01-001-sam-brazilsouth", "migrationStage":"NotStarted", "server":"akswtt214000008"}}
{"logTime": "0730/014913", "correlationVector":"MXVS2EbLG+2et0igm64Pl8.2","action":"ProcessGetUpdates", "result":"Done", "context":{"dataType":"Passwords", "deleted":"0", "process_failed_to_decrypt":"0", "process_pending_decryption":"0", "process_success":"2", "total":"2"}}
{"logTime": "0730/014913", "correlationVector":"MXVS2EbLG+2et0igm64Pl8.3","action":"GetUpdates Response", "result":"Success", "context":Received 2 update(s). cV=MXVS2EbLG+2et0igm64Pl8.0;server=akswtt214000008;cloudType=Consumer;environment=Prod_brazilsouth_prod-s01-001-sam-brazilsouth;migrationStage=NotStarted}
{"logTime": "0730/014913", "correlationVector":"d3GN2/GpIFGXdAUpFI1Ua0","action":"Normal GetUpdate request", "result":"", "context":cV=d3GN2/GpIFGXdAUpFI1Ua0
Nudged types: Sessions, Device Info, History
Refresh requested types: Bookmarks, Preferences, Passwords, Autofill Profiles, Autofill, Extensions, Sessions, Extension settings, History Delete Directives, Device Info, User Consents, Send Tab To Self, Web Apps, History, Saved Tab Group, WebAuthn Credentials, Collection, Edge E Drop, Edge Hub App Usage, Edge Wallet, Encryption Keys}
{"logTime": "0730/014913", "correlationVector":"d3GN2/GpIFGXdAUpFI1Ua0.1","action":"SyncServerConnectionManagerRequest", "result":"SYNC_SERVER_OK", "context":{"environment":"Prod_brazilsouth_prod-s01-001-sam-brazilsouth", "migrationStage":"NotStarted", "server":"akswtt21400001z"}}
{"logTime": "0730/014913", "correlationVector":"d3GN2/GpIFGXdAUpFI1Ua0.2","action":"ProcessGetUpdates", "result":"Done", "context":{"dataType":"Preferences", "deleted":"0", "process_failed_to_decrypt":"0", "process_pending_decryption":"0", "process_success":"1", "total":"1"}}
{"logTime": "0730/014913", "correlationVector":"d3GN2/GpIFGXdAUpFI1Ua0.3","action":"ProcessGetUpdates", "result":"Done", "context":{"dataType":"Sessions", "deleted":"0", "process_failed_to_decrypt":"0", "process_pending_decryption":"0", "process_success":"2", "total":"2"}}
{"logTime": "0730/014913", "correlationVector":"d3GN2/GpIFGXdAUpFI1Ua0.4","action":"ProcessGetUpdates", "result":"Done", "context":{"dataType":"History", "deleted":"0", "process_failed_to_decrypt":"0", "process_pending_decryption":"0", "process_success":"1", "total":"1"}}
{"logTime": "0730/014913", "correlationVector":"d3GN2/GpIFGXdAUpFI1Ua0.5","action":"GetUpdates Response", "result":"Success", "context":Received 4 update(s). cV=d3GN2/GpIFGXdAUpFI1Ua0.0;server=akswtt21400001z;cloudType=Consumer;environment=Prod_brazilsouth_prod-s01-001-sam-brazilsouth;migrationStage=NotStarted}
{"logTime": "0730/014913", "correlationVector":"UkNgDpeRrgDquvHwMVxj+5","action":"Commit Request", "result":"", "context":Item count: 5
Contributing types: Sessions, Device Info, History}
{"logTime": "0730/014914", "correlationVector":"UkNgDpeRrgDquvHwMVxj+5.1","action":"SyncServerConnectionManagerRequest", "result":"SYNC_SERVER_OK", "context":{"environment":"Prod_brazilsouth_prod-s01-001-sam-brazilsouth", "migrationStage":"NotStarted", "server":"akswtt214000010"}}
{"logTime": "0730/014914", "correlationVector":"UkNgDpeRrgDquvHwMVxj+5.2","action":"Commit Response", "result":"Success", "context":Result: Success. cV=UkNgDpeRrgDquvHwMVxj+5.0;server=akswtt214000010;cloudType=Consumer;environment=Prod_brazilsouth_prod-s01-001-sam-brazilsouth;migrationStage=NotStarted}
{"logTime": "0730/014914", "correlationVector":"UkNgDpeRrgDquvHwMVxj+5.3","action":"Commit.Sessions", "result":"Success", "context":{"id":"cb53883d-8258-40f7-a01d-e15de7681a4f", "isDeleted":"true", "size":"0", "version":"1753839196040"}}
{"logTime": "0730/014922", "correlationVector":"WU6xLF4WaDTYZkbvZlAQpE","action":"Commit Request", "result":"", "context":Item count: 3
Contributing types: Preferences, Sessions, History}
{"logTime": "0730/014922", "correlationVector":"WU6xLF4WaDTYZkbvZlAQpE.1","action":"SyncServerConnectionManagerRequest", "result":"SYNC_SERVER_OK", "context":{"environment":"Prod_brazilsouth_prod-s01-001-sam-brazilsouth", "migrationStage":"NotStarted", "server":"akswtt214000009"}}
{"logTime": "0730/014922", "correlationVector":"WU6xLF4WaDTYZkbvZlAQpE.2","action":"Commit Response", "result":"Success", "context":Result: Success. cV=WU6xLF4WaDTYZkbvZlAQpE.0;server=akswtt214000009;cloudType=Consumer;environment=Prod_brazilsouth_prod-s01-001-sam-brazilsouth;migrationStage=NotStarted}
