2025-07-12 03:56:14.032: [INFO][Sync] Reset engine, reason: 8
2025-07-12 03:56:14.032: [INFO][Sync] Stopped: Bookmarks
2025-07-12 03:56:14.032: [INFO][Sync] Stopped: Preferences
2025-07-12 03:56:14.032: [INFO][Sync] Stopped: Passwords
2025-07-12 03:56:14.032: [INFO][Sync] Stopped: Autofill Profiles
2025-07-12 03:56:14.032: [INFO][Sync] Stopped: Autofill
2025-07-12 03:56:14.032: [INFO][Sync] Stopped: Extensions
2025-07-12 03:56:14.032: [INFO][Sync] Stopped: Sessions
2025-07-12 03:56:14.032: [INFO][Sync] Stopped: Extension settings
2025-07-12 03:56:14.032: [INFO][Sync] Stopped: History Delete Directives
2025-07-12 03:56:14.032: [INFO][Sync] Stopped: Device Info
2025-07-12 03:56:14.032: [INFO][Sync] Stopped: User Consents
2025-07-12 03:56:14.032: [INFO][Sync] Stopped: Send Tab To Self
2025-07-12 03:56:14.032: [INFO][Sync] Stopped: Web Apps
2025-07-12 03:56:14.032: [INFO][Sync] Stopped: History
2025-07-12 03:56:14.032: [INFO][Sync] Stopped: Saved Tab Group
2025-07-12 03:56:14.032: [INFO][Sync] Stopped: WebAuthn Credentials
2025-07-12 03:56:14.032: [INFO][Sync] Stopped: Collection
2025-07-12 03:56:14.032: [INFO][Sync] Stopped: Edge E Drop
2025-07-12 03:56:14.032: [INFO][Sync] Stopped: Edge Hub App Usage
2025-07-12 03:56:14.032: [INFO][Sync] Stopped: Edge Wallet
2025-07-12 03:56:14.032: [INFO][Sync] SyncState after authenticated was: NotSignedIn
2025-07-12 03:56:14.449: [INFO][Sync] Reset engine, reason: 8
2025-07-12 03:56:14.449: [INFO][Sync] Stopped: Bookmarks
2025-07-12 03:56:14.449: [INFO][Sync] Stopped: Preferences
2025-07-12 03:56:14.449: [INFO][Sync] Stopped: Passwords
2025-07-12 03:56:14.449: [INFO][Sync] Stopped: Autofill Profiles
2025-07-12 03:56:14.449: [INFO][Sync] Stopped: Autofill
2025-07-12 03:56:14.449: [INFO][Sync] Stopped: Extensions
2025-07-12 03:56:14.449: [INFO][Sync] Stopped: Sessions
2025-07-12 03:56:14.449: [INFO][Sync] Stopped: Extension settings
2025-07-12 03:56:14.449: [INFO][Sync] Stopped: History Delete Directives
2025-07-12 03:56:14.449: [INFO][Sync] Stopped: Device Info
2025-07-12 03:56:14.449: [INFO][Sync] Stopped: User Consents
2025-07-12 03:56:14.449: [INFO][Sync] Stopped: Send Tab To Self
2025-07-12 03:56:14.449: [INFO][Sync] Stopped: Web Apps
2025-07-12 03:56:14.449: [INFO][Sync] Stopped: History
2025-07-12 03:56:14.449: [INFO][Sync] Stopped: Saved Tab Group
2025-07-12 03:56:14.449: [INFO][Sync] Stopped: WebAuthn Credentials
2025-07-12 03:56:14.449: [INFO][Sync] Stopped: Collection
2025-07-12 03:56:14.449: [INFO][Sync] Stopped: Edge E Drop
2025-07-12 03:56:14.449: [INFO][Sync] Stopped: Edge Hub App Usage
2025-07-12 03:56:14.449: [INFO][Sync] Stopped: Edge Wallet
2025-07-12 03:56:14.811: [INFO][Sync] Try to start sync engine
2025-07-12 03:56:14.813: [INFO][SyncManagerImpl::NudgeForInitialDownload] Initial download nudge for Encryption Keys
2025-07-12 03:56:14.813: [INFO][SyncEngineBackend::LoadAndConnectNigoriController] Load and connect Nigori controller
2025-07-12 03:56:14.813: [INFO][SyncEngineBackend::DoInitialize] Control Types added: Encryption Keys
2025-07-12 03:56:14.813: [INFO][SyncManagerImpl::ConfigureSyncer] Types to download: Encryption Keys with reason: 3
2025-07-12 03:56:14.813: [INFO][SyncSchedulerImpl::DoConfigurationSyncCycleJob] Configure job was blocked
2025-07-12 03:56:17.910: [INFO][SyncAuthManager::SetLastAuthError] Current auth error: None
2025-07-12 03:56:17.910: [INFO][SyncAuthManager::EdgeLogTokenErrorState] Token error with: None for account type: MSA
2025-07-12 03:56:17.910: [INFO][Sync] Credentials changed for: EdgeSyncKeyDataScope
2025-07-12 03:56:17.910: [INFO][SyncEngineBackend::DoUpdateKeyDataCredentials] Update key data credentials
2025-07-12 03:56:18.170: [INFO][SyncAuthManager::SetLastAuthError] Current auth error: None
2025-07-12 03:56:18.170: [INFO][SyncAuthManager::EdgeLogTokenErrorState] Token error with: None for account type: MSA
2025-07-12 03:56:18.170: [INFO][Sync] Credentials changed for: EdgeSyncScopeNew
2025-07-12 03:56:18.170: [INFO][SyncEngineBackend::DoUpdateCredentials] Update credentials
2025-07-12 03:56:18.171: [INFO][SyncEngineBackend::DoUpdateKeyDataCredentials] Update key data credentials
2025-07-12 03:56:18.171: [INFO][SyncSchedulerImpl::DoConfigurationSyncCycleJob] Blocked types:  and types to download: Encryption Keys
2025-07-12 03:56:18.909: [INFO][Sync] Started DataTypeManager configuration, reason: 4
2025-07-12 03:56:18.909: [INFO][Sync] Configuring for: Bookmarks, Preferences, Passwords, Autofill Profiles, Autofill, Extensions, Sessions, Extension settings, History Delete Directives, Device Info, User Consents, Send Tab To Self, Web Apps, History, Saved Tab Group, WebAuthn Credentials, Collection, Edge E Drop, Edge Hub App Usage, Edge Wallet, Encryption Keys, reason: 3, current state: 0
2025-07-12 03:56:18.909: [WARN][Sync] Crypto error data types: Passwords, Autofill Profiles, Autofill
2025-07-12 03:56:18.910: [INFO][Sync] Configure, desired: Bookmarks, Preferences, Extensions, Sessions, Extension settings, History Delete Directives, Device Info, User Consents, Send Tab To Self, Web Apps, History, Saved Tab Group, WebAuthn Credentials, Collection, Edge E Drop, Edge Hub App Usage, Edge Wallet, Encryption Keys; Allow fail: Passwords, Autofill Profiles, Autofill
2025-07-12 03:56:18.910: [INFO][Sync] Loading: Bookmarks
2025-07-12 03:56:18.910: [INFO][Sync] Loading: Preferences
2025-07-12 03:56:18.910: [INFO][Sync] Loading: Extensions
2025-07-12 03:56:18.910: [INFO][Sync] Loading: Sessions
2025-07-12 03:56:18.910: [INFO][Sync] Loading: Extension settings
2025-07-12 03:56:18.910: [INFO][Sync] Loading: History Delete Directives
2025-07-12 03:56:18.910: [INFO][Sync] Loading: Device Info
2025-07-12 03:56:18.910: [INFO][Sync] Loading: User Consents
2025-07-12 03:56:18.910: [INFO][Sync] Loading: Send Tab To Self
2025-07-12 03:56:18.910: [INFO][Sync] Loading: Web Apps
2025-07-12 03:56:18.910: [INFO][Sync] Loading: History
2025-07-12 03:56:18.910: [INFO][Sync] Loading: Saved Tab Group
2025-07-12 03:56:18.910: [INFO][Sync] Loading: WebAuthn Credentials
2025-07-12 03:56:18.910: [INFO][Sync] Loading: Collection
2025-07-12 03:56:18.910: [INFO][Sync] Loading: Edge E Drop
2025-07-12 03:56:18.910: [INFO][Sync] Loading: Edge Hub App Usage
2025-07-12 03:56:18.910: [INFO][Sync] Loading: Edge Wallet
2025-07-12 03:56:18.914: [INFO][Sync] All data types are ready for configure.
2025-07-12 03:56:19.159: [INFO][SyncEngineBackend::DoStartConfiguration] Start configuration
2025-07-12 03:56:19.160: [INFO][SyncManagerImpl::NudgeForInitialDownload] Initial download nudge for Bookmarks
2025-07-12 03:56:19.160: [INFO][SyncManagerImpl::NudgeForInitialDownload] Initial download nudge for Preferences
2025-07-12 03:56:19.160: [INFO][SyncManagerImpl::NudgeForInitialDownload] Initial download nudge for Extensions
2025-07-12 03:56:19.160: [INFO][SyncManagerImpl::NudgeForInitialDownload] Initial download nudge for Sessions
2025-07-12 03:56:19.160: [INFO][SyncManagerImpl::NudgeForInitialDownload] Initial download nudge for Extension settings
2025-07-12 03:56:19.160: [INFO][SyncManagerImpl::NudgeForInitialDownload] Initial download nudge for History Delete Directives
2025-07-12 03:56:19.160: [INFO][SyncManagerImpl::NudgeForInitialDownload] Initial download nudge for Device Info
2025-07-12 03:56:19.160: [INFO][SyncManagerImpl::NudgeForInitialDownload] Initial download nudge for Send Tab To Self
2025-07-12 03:56:19.160: [INFO][SyncManagerImpl::NudgeForInitialDownload] Initial download nudge for Web Apps
2025-07-12 03:56:19.160: [INFO][SyncManagerImpl::NudgeForInitialDownload] Initial download nudge for History
2025-07-12 03:56:19.160: [INFO][SyncManagerImpl::NudgeForInitialDownload] Initial download nudge for Saved Tab Group
2025-07-12 03:56:19.160: [INFO][SyncManagerImpl::NudgeForInitialDownload] Initial download nudge for WebAuthn Credentials
2025-07-12 03:56:19.160: [INFO][SyncManagerImpl::NudgeForInitialDownload] Initial download nudge for Collection
2025-07-12 03:56:19.160: [INFO][SyncManagerImpl::NudgeForInitialDownload] Initial download nudge for Edge E Drop
2025-07-12 03:56:19.160: [INFO][SyncManagerImpl::NudgeForInitialDownload] Initial download nudge for Edge Hub App Usage
2025-07-12 03:56:19.160: [INFO][SyncManagerImpl::NudgeForInitialDownload] Initial download nudge for Edge Wallet
2025-07-12 03:56:19.160: [INFO][SyncManagerImpl::ConfigureSyncer] Types to download:  with reason: 3
2025-07-12 03:56:19.160: [INFO][SyncEngineBackend::DoFinishConfigureDataTypes] Failed to download types:  and succeeded types: 
2025-07-12 03:56:19.161: [INFO][Sync] Started DataTypeManager configuration, reason: 5
2025-07-12 03:56:19.161: [INFO][Sync] Configuring for: Bookmarks, Preferences, Passwords, Autofill Profiles, Autofill, Extensions, Sessions, Extension settings, History Delete Directives, Device Info, User Consents, Send Tab To Self, Web Apps, History, Saved Tab Group, WebAuthn Credentials, Collection, Edge E Drop, Edge Hub App Usage, Edge Wallet, Encryption Keys, reason: 5, current state: 1
2025-07-12 03:56:19.163: [INFO][Sync] ConfigurationDone, failed: , succeeded: , remaining count: 4
2025-07-12 03:56:19.163: [WARN][Sync]     Reconfigure requested while configuration ongoing.
2025-07-12 03:56:19.163: [INFO][Sync] Configuring for: Bookmarks, Preferences, Passwords, Autofill Profiles, Autofill, Extensions, Sessions, Extension settings, History Delete Directives, Device Info, User Consents, Send Tab To Self, Web Apps, History, Saved Tab Group, WebAuthn Credentials, Collection, Edge E Drop, Edge Hub App Usage, Edge Wallet, Encryption Keys, reason: 5, current state: 2
2025-07-12 03:56:19.163: [INFO][Sync] Configure, desired: Bookmarks, Preferences, Passwords, Autofill Profiles, Autofill, Extensions, Sessions, Extension settings, History Delete Directives, Device Info, User Consents, Send Tab To Self, Web Apps, History, Saved Tab Group, WebAuthn Credentials, Collection, Edge E Drop, Edge Hub App Usage, Edge Wallet, Encryption Keys; Allow fail: 
2025-07-12 03:56:19.163: [INFO][Sync] Loading: Passwords
2025-07-12 03:56:19.163: [INFO][Sync] Loading: Autofill Profiles
2025-07-12 03:56:19.163: [INFO][Sync] Loading: Autofill
2025-07-12 03:56:19.165: [INFO][Sync] All data types are ready for configure.
2025-07-12 03:56:19.167: [INFO][SyncManagerImpl::NudgeForInitialDownload] Initial download nudge for Passwords
2025-07-12 03:56:19.167: [INFO][SyncManagerImpl::NudgeForInitialDownload] Initial download nudge for Autofill Profiles
2025-07-12 03:56:19.167: [INFO][SyncManagerImpl::NudgeForInitialDownload] Initial download nudge for Autofill
2025-07-12 03:56:19.167: [INFO][SyncManagerImpl::ConfigureSyncer] Types to download:  with reason: 5
2025-07-12 03:56:19.167: [INFO][SyncEngineBackend::DoFinishConfigureDataTypes] Failed to download types:  and succeeded types: 
2025-07-12 03:56:19.171: [INFO][Sync] ConfigurationDone, failed: , succeeded: , remaining count: 4
2025-07-12 03:56:19.171: [INFO][Sync] Prepare to configure types: Preferences, Passwords, Device Info, Send Tab To Self, Edge E Drop, Encryption Keys
2025-07-12 03:56:19.171: [INFO][SyncManagerImpl::ConfigureSyncer] Types to download: Preferences, Passwords, Device Info, Send Tab To Self, Edge E Drop, Encryption Keys with reason: 5
2025-07-12 03:56:19.171: [INFO][SyncSchedulerImpl::DoConfigurationSyncCycleJob] Blocked types:  and types to download: Preferences, Passwords, Device Info, Send Tab To Self, Edge E Drop, Encryption Keys
2025-07-12 03:56:19.493: [INFO][SyncEngineBackend::DoFinishConfigureDataTypes] Failed to download types:  and succeeded types: Preferences, Passwords, Device Info, Send Tab To Self, Edge E Drop, Encryption Keys
2025-07-12 03:56:19.496: [INFO][Sync] ConfigurationDone, failed: , succeeded: Preferences, Passwords, Device Info, Send Tab To Self, Edge E Drop, Encryption Keys, remaining count: 3
2025-07-12 03:56:19.496: [INFO][Sync] Prepare to configure types: Bookmarks, Encryption Keys
2025-07-12 03:56:19.497: [INFO][SyncManagerImpl::ConfigureSyncer] Types to download: Bookmarks, Encryption Keys with reason: 5
2025-07-12 03:56:19.497: [INFO][SyncSchedulerImpl::DoConfigurationSyncCycleJob] Blocked types:  and types to download: Bookmarks, Encryption Keys
2025-07-12 03:56:19.702: [INFO][SyncEngineBackend::DoFinishConfigureDataTypes] Failed to download types:  and succeeded types: Bookmarks, Encryption Keys
2025-07-12 03:56:19.703: [INFO][Sync] ConfigurationDone, failed: , succeeded: Bookmarks, Encryption Keys, remaining count: 2
2025-07-12 03:56:19.703: [INFO][Sync] Prepare to configure types: Autofill Profiles, Autofill, Extensions, Sessions, Extension settings, History Delete Directives, Web Apps, Saved Tab Group, WebAuthn Credentials, Collection, Edge Hub App Usage, Edge Wallet, Encryption Keys
2025-07-12 03:56:19.703: [INFO][SyncManagerImpl::ConfigureSyncer] Types to download: Autofill Profiles, Autofill, Extensions, Sessions, Extension settings, History Delete Directives, Web Apps, Saved Tab Group, WebAuthn Credentials, Collection, Edge Hub App Usage, Edge Wallet, Encryption Keys with reason: 5
2025-07-12 03:56:19.703: [INFO][SyncSchedulerImpl::DoConfigurationSyncCycleJob] Blocked types:  and types to download: Autofill Profiles, Autofill, Extensions, Sessions, Extension settings, History Delete Directives, Web Apps, Saved Tab Group, WebAuthn Credentials, Collection, Edge Hub App Usage, Edge Wallet, Encryption Keys
2025-07-12 03:56:19.967: [INFO][SyncEngineBackend::DoFinishConfigureDataTypes] Failed to download types:  and succeeded types: Autofill Profiles, Autofill, Extensions, Sessions, Extension settings, History Delete Directives, Web Apps, Saved Tab Group, WebAuthn Credentials, Collection, Edge Hub App Usage, Edge Wallet, Encryption Keys
2025-07-12 03:56:19.972: [INFO][Sync] ConfigurationDone, failed: , succeeded: Autofill Profiles, Autofill, Extensions, Sessions, Extension settings, History Delete Directives, Web Apps, Saved Tab Group, WebAuthn Credentials, Collection, Edge Hub App Usage, Edge Wallet, Encryption Keys, remaining count: 1
2025-07-12 03:56:19.974: [INFO][Sync] Prepare to configure types: History, Encryption Keys
2025-07-12 03:56:19.975: [INFO][SyncManagerImpl::ConfigureSyncer] Types to download: History, Encryption Keys with reason: 5
2025-07-12 03:56:19.975: [INFO][SyncSchedulerImpl::DoConfigurationSyncCycleJob] Blocked types:  and types to download: History, Encryption Keys
2025-07-12 03:56:20.219: [INFO][SyncEngineBackend::DoFinishConfigureDataTypes] Failed to download types:  and succeeded types: History, Encryption Keys
2025-07-12 03:56:20.220: [INFO][Sync] ConfigurationDone, failed: , succeeded: History, Encryption Keys, remaining count: 0
2025-07-12 03:56:20.222: [INFO][Sync]     Configuration completed, state: 7
2025-07-12 03:56:20.223: [INFO][Sync] Configured DataTypeManager: Ok
2025-07-12 03:56:20.225: [INFO][SyncEngineBackend::DoStartSyncing] Start syncing
2025-07-12 04:17:41.676: [INFO][Sync] Reset engine, reason: 0
2025-07-12 04:17:41.676: [INFO][Sync] Reset engine with reason: 0
2025-07-17 00:39:30.720: [INFO][Sync] SyncState after authenticated was: FeatureCanStart
2025-07-17 00:39:31.274: [INFO][Sync] Try to start sync engine
2025-07-17 00:39:31.276: [INFO][SyncManagerImpl::NudgeForInitialDownload] Initial download nudge for Encryption Keys
2025-07-17 00:39:31.276: [INFO][SyncEngineBackend::LoadAndConnectNigoriController] Load and connect Nigori controller
2025-07-17 00:39:31.276: [INFO][SyncEngineBackend::DoInitialize] Control Types added: Encryption Keys
2025-07-17 00:39:31.276: [INFO][SyncManagerImpl::ConfigureSyncer] Types to download: Encryption Keys with reason: 3
2025-07-17 00:39:31.276: [INFO][SyncSchedulerImpl::DoConfigurationSyncCycleJob] Configure job was blocked
2025-07-17 00:39:31.314: [INFO][SyncAuthManager::SetLastAuthError] Current auth error: None
2025-07-17 00:39:31.314: [INFO][SyncAuthManager::EdgeLogTokenErrorState] Token error with: None for account type: MSA
2025-07-17 00:39:31.314: [INFO][Sync] Credentials changed for: EdgeSyncScopeNew
2025-07-17 00:39:32.436: [INFO][SyncAuthManager::SetLastAuthError] Current auth error: None
2025-07-17 00:39:32.436: [INFO][SyncAuthManager::EdgeLogTokenErrorState] Token error with: None for account type: MSA
2025-07-17 00:39:32.436: [INFO][Sync] Credentials changed for: EdgeSyncKeyDataScope
2025-07-17 00:39:32.437: [INFO][SyncEngineBackend::DoUpdateKeyDataCredentials] Update key data credentials
2025-07-17 00:39:32.437: [INFO][SyncEngineBackend::DoUpdateCredentials] Update credentials
2025-07-17 00:39:32.437: [INFO][SyncSchedulerImpl::DoConfigurationSyncCycleJob] Blocked types:  and types to download: Encryption Keys
2025-07-17 00:39:33.288: [INFO][Sync] Started DataTypeManager configuration, reason: 4
2025-07-17 00:39:33.288: [INFO][Sync] Configuring for: Bookmarks, Preferences, Passwords, Autofill Profiles, Autofill, Extensions, Sessions, Extension settings, History Delete Directives, Device Info, User Consents, Send Tab To Self, Web Apps, History, Saved Tab Group, WebAuthn Credentials, Collection, Edge E Drop, Edge Hub App Usage, Edge Wallet, Encryption Keys, reason: 4, current state: 0
2025-07-17 00:39:33.288: [WARN][Sync] Crypto error data types: Passwords, Autofill Profiles, Autofill
2025-07-17 00:39:33.292: [INFO][Sync] Configure, desired: Bookmarks, Preferences, Extensions, Sessions, Extension settings, History Delete Directives, Device Info, User Consents, Send Tab To Self, Web Apps, History, Saved Tab Group, WebAuthn Credentials, Collection, Edge E Drop, Edge Hub App Usage, Edge Wallet, Encryption Keys; Allow fail: Passwords, Autofill Profiles, Autofill
2025-07-17 00:39:33.292: [INFO][Sync] Loading: Bookmarks
2025-07-17 00:39:33.292: [INFO][Sync] Loading: Preferences
2025-07-17 00:39:33.292: [INFO][Sync] Loading: Extensions
2025-07-17 00:39:33.293: [INFO][Sync] Loading: Sessions
2025-07-17 00:39:33.293: [INFO][Sync] Loading: Extension settings
2025-07-17 00:39:33.293: [INFO][Sync] Loading: History Delete Directives
2025-07-17 00:39:33.293: [INFO][Sync] Loading: Device Info
2025-07-17 00:39:33.293: [INFO][Sync] Loading: User Consents
2025-07-17 00:39:33.293: [INFO][Sync] Loading: Send Tab To Self
2025-07-17 00:39:33.293: [INFO][Sync] Loading: Web Apps
2025-07-17 00:39:33.293: [INFO][Sync] Loading: History
2025-07-17 00:39:33.294: [INFO][Sync] Loading: Saved Tab Group
2025-07-17 00:39:33.294: [INFO][Sync] Loading: WebAuthn Credentials
2025-07-17 00:39:33.294: [INFO][Sync] Loading: Collection
2025-07-17 00:39:33.294: [INFO][Sync] Loading: Edge E Drop
2025-07-17 00:39:33.294: [INFO][Sync] Loading: Edge Hub App Usage
2025-07-17 00:39:33.294: [INFO][Sync] Loading: Edge Wallet
2025-07-17 00:39:33.315: [INFO][Sync] All data types are ready for configure.
2025-07-17 00:39:33.536: [INFO][Sync] Started DataTypeManager configuration, reason: 5
2025-07-17 00:39:33.536: [INFO][Sync] Configuring for: Bookmarks, Preferences, Passwords, Autofill Profiles, Autofill, Extensions, Sessions, Extension settings, History Delete Directives, Device Info, User Consents, Send Tab To Self, Web Apps, History, Saved Tab Group, WebAuthn Credentials, Collection, Edge E Drop, Edge Hub App Usage, Edge Wallet, Encryption Keys, reason: 5, current state: 1
2025-07-17 00:39:33.542: [INFO][SyncEngineBackend::DoStartConfiguration] Start configuration
2025-07-17 00:39:33.543: [INFO][SyncManagerImpl::ConfigureSyncer] Types to download:  with reason: 4
2025-07-17 00:39:33.543: [INFO][SyncEngineBackend::DoFinishConfigureDataTypes] Failed to download types:  and succeeded types: 
2025-07-17 00:39:33.544: [INFO][Sync] ConfigurationDone, failed: , succeeded: , remaining count: 4
2025-07-17 00:39:33.544: [WARN][Sync]     Reconfigure requested while configuration ongoing.
2025-07-17 00:39:33.544: [INFO][Sync] Configuring for: Bookmarks, Preferences, Passwords, Autofill Profiles, Autofill, Extensions, Sessions, Extension settings, History Delete Directives, Device Info, User Consents, Send Tab To Self, Web Apps, History, Saved Tab Group, WebAuthn Credentials, Collection, Edge E Drop, Edge Hub App Usage, Edge Wallet, Encryption Keys, reason: 5, current state: 2
2025-07-17 00:39:33.544: [INFO][Sync] Configure, desired: Bookmarks, Preferences, Passwords, Autofill Profiles, Autofill, Extensions, Sessions, Extension settings, History Delete Directives, Device Info, User Consents, Send Tab To Self, Web Apps, History, Saved Tab Group, WebAuthn Credentials, Collection, Edge E Drop, Edge Hub App Usage, Edge Wallet, Encryption Keys; Allow fail: 
2025-07-17 00:39:33.544: [INFO][Sync] Loading: Passwords
2025-07-17 00:39:33.544: [INFO][Sync] Loading: Autofill Profiles
2025-07-17 00:39:33.544: [INFO][Sync] Loading: Autofill
2025-07-17 00:39:33.545: [INFO][Sync] All data types are ready for configure.
2025-07-17 00:39:33.545: [INFO][SyncManagerImpl::NudgeForInitialDownload] Initial download nudge for Passwords
2025-07-17 00:39:33.546: [INFO][SyncManagerImpl::ConfigureSyncer] Types to download:  with reason: 5
2025-07-17 00:39:33.546: [INFO][SyncEngineBackend::DoFinishConfigureDataTypes] Failed to download types:  and succeeded types: 
2025-07-17 00:39:33.546: [INFO][Sync] ConfigurationDone, failed: , succeeded: , remaining count: 4
2025-07-17 00:39:33.546: [INFO][Sync] Prepare to configure types: Passwords, Encryption Keys
2025-07-17 00:39:33.546: [INFO][SyncManagerImpl::ConfigureSyncer] Types to download: Passwords, Encryption Keys with reason: 5
2025-07-17 00:39:33.546: [INFO][SyncSchedulerImpl::DoConfigurationSyncCycleJob] Blocked types:  and types to download: Passwords, Encryption Keys
2025-07-17 00:39:33.742: [INFO][SyncEngineBackend::DoFinishConfigureDataTypes] Failed to download types:  and succeeded types: Passwords, Encryption Keys
2025-07-17 00:39:33.746: [INFO][Sync] ConfigurationDone, failed: , succeeded: Passwords, Encryption Keys, remaining count: 3
2025-07-17 00:39:33.746: [INFO][SyncManagerImpl::ConfigureSyncer] Types to download:  with reason: 5
2025-07-17 00:39:33.746: [INFO][SyncEngineBackend::DoFinishConfigureDataTypes] Failed to download types:  and succeeded types: 
2025-07-17 00:39:33.748: [INFO][Sync] ConfigurationDone, failed: , succeeded: , remaining count: 2
2025-07-17 00:39:33.748: [INFO][SyncManagerImpl::ConfigureSyncer] Types to download:  with reason: 5
2025-07-17 00:39:33.748: [INFO][SyncEngineBackend::DoFinishConfigureDataTypes] Failed to download types:  and succeeded types: 
2025-07-17 00:39:33.748: [INFO][Sync] ConfigurationDone, failed: , succeeded: , remaining count: 1
2025-07-17 00:39:33.751: [INFO][SyncManagerImpl::ConfigureSyncer] Types to download:  with reason: 5
2025-07-17 00:39:33.751: [INFO][SyncEngineBackend::DoFinishConfigureDataTypes] Failed to download types:  and succeeded types: 
2025-07-17 00:39:33.756: [INFO][Sync] ConfigurationDone, failed: , succeeded: , remaining count: 0
2025-07-17 00:39:33.757: [INFO][Sync]     Configuration completed, state: 7
2025-07-17 00:39:33.758: [INFO][Sync] Configured DataTypeManager: Ok
2025-07-17 00:39:33.767: [INFO][SyncEngineBackend::DoStartSyncing] Start syncing
2025-07-17 00:44:33.426: [INFO][Sync] Reset engine, reason: 0
2025-07-17 00:44:33.426: [INFO][Sync] Reset engine with reason: 0
2025-07-19 02:54:23.713: [INFO][Sync] SyncState after authenticated was: FeatureCanStart
2025-07-19 02:54:24.673: [INFO][Sync] Try to start sync engine
2025-07-19 02:54:24.677: [INFO][SyncManagerImpl::NudgeForInitialDownload] Initial download nudge for Encryption Keys
2025-07-19 02:54:24.677: [INFO][SyncEngineBackend::LoadAndConnectNigoriController] Load and connect Nigori controller
2025-07-19 02:54:24.677: [INFO][SyncEngineBackend::DoInitialize] Control Types added: Encryption Keys
2025-07-19 02:54:24.677: [INFO][SyncManagerImpl::ConfigureSyncer] Types to download: Encryption Keys with reason: 3
2025-07-19 02:54:24.678: [INFO][SyncSchedulerImpl::DoConfigurationSyncCycleJob] Configure job was blocked
2025-07-19 02:54:24.747: [INFO][SyncAuthManager::SetLastAuthError] Current auth error: None
2025-07-19 02:54:24.747: [INFO][SyncAuthManager::EdgeLogTokenErrorState] Token error with: None for account type: MSA
2025-07-19 02:54:24.748: [INFO][Sync] Credentials changed for: EdgeSyncScopeNew
2025-07-19 02:54:26.051: [INFO][SyncAuthManager::SetLastAuthError] Current auth error: None
2025-07-19 02:54:26.051: [INFO][SyncAuthManager::EdgeLogTokenErrorState] Token error with: None for account type: MSA
2025-07-19 02:54:26.051: [INFO][Sync] Credentials changed for: EdgeSyncKeyDataScope
2025-07-19 02:54:26.051: [INFO][SyncEngineBackend::DoUpdateKeyDataCredentials] Update key data credentials
2025-07-19 02:54:26.051: [INFO][SyncEngineBackend::DoUpdateCredentials] Update credentials
2025-07-19 02:54:26.060: [INFO][SyncSchedulerImpl::DoConfigurationSyncCycleJob] Blocked types:  and types to download: Encryption Keys
2025-07-19 02:54:26.650: [INFO][Sync] Started DataTypeManager configuration, reason: 4
2025-07-19 02:54:26.651: [INFO][Sync] Configuring for: Bookmarks, Preferences, Passwords, Autofill Profiles, Autofill, Extensions, Sessions, Extension settings, History Delete Directives, Device Info, User Consents, Send Tab To Self, Web Apps, History, Saved Tab Group, WebAuthn Credentials, Collection, Edge E Drop, Edge Hub App Usage, Edge Wallet, Encryption Keys, reason: 4, current state: 0
2025-07-19 02:54:26.651: [WARN][Sync] Crypto error data types: Passwords, Autofill Profiles, Autofill
2025-07-19 02:54:26.655: [INFO][Sync] Configure, desired: Bookmarks, Preferences, Extensions, Sessions, Extension settings, History Delete Directives, Device Info, User Consents, Send Tab To Self, Web Apps, History, Saved Tab Group, WebAuthn Credentials, Collection, Edge E Drop, Edge Hub App Usage, Edge Wallet, Encryption Keys; Allow fail: Passwords, Autofill Profiles, Autofill
2025-07-19 02:54:26.655: [INFO][Sync] Loading: Bookmarks
2025-07-19 02:54:26.655: [INFO][Sync] Loading: Preferences
2025-07-19 02:54:26.655: [INFO][Sync] Loading: Extensions
2025-07-19 02:54:26.656: [INFO][Sync] Loading: Sessions
2025-07-19 02:54:26.656: [INFO][Sync] Loading: Extension settings
2025-07-19 02:54:26.656: [INFO][Sync] Loading: History Delete Directives
2025-07-19 02:54:26.657: [INFO][Sync] Loading: Device Info
2025-07-19 02:54:26.657: [INFO][Sync] Loading: User Consents
2025-07-19 02:54:26.657: [INFO][Sync] Loading: Send Tab To Self
2025-07-19 02:54:26.657: [INFO][Sync] Loading: Web Apps
2025-07-19 02:54:26.657: [INFO][Sync] Loading: History
2025-07-19 02:54:26.657: [INFO][Sync] Loading: Saved Tab Group
2025-07-19 02:54:26.657: [INFO][Sync] Loading: WebAuthn Credentials
2025-07-19 02:54:26.657: [INFO][Sync] Loading: Collection
2025-07-19 02:54:26.657: [INFO][Sync] Loading: Edge E Drop
2025-07-19 02:54:26.657: [INFO][Sync] Loading: Edge Hub App Usage
2025-07-19 02:54:26.657: [INFO][Sync] Loading: Edge Wallet
2025-07-19 02:54:26.669: [INFO][Sync] All data types are ready for configure.
2025-07-19 02:54:26.948: [INFO][Sync] Started DataTypeManager configuration, reason: 5
2025-07-19 02:54:26.948: [INFO][Sync] Configuring for: Bookmarks, Preferences, Passwords, Autofill Profiles, Autofill, Extensions, Sessions, Extension settings, History Delete Directives, Device Info, User Consents, Send Tab To Self, Web Apps, History, Saved Tab Group, WebAuthn Credentials, Collection, Edge E Drop, Edge Hub App Usage, Edge Wallet, Encryption Keys, reason: 5, current state: 1
2025-07-19 02:54:26.953: [INFO][SyncEngineBackend::DoStartConfiguration] Start configuration
2025-07-19 02:54:26.954: [INFO][SyncManagerImpl::ConfigureSyncer] Types to download:  with reason: 4
2025-07-19 02:54:26.954: [INFO][SyncEngineBackend::DoFinishConfigureDataTypes] Failed to download types:  and succeeded types: 
2025-07-19 02:54:26.955: [INFO][Sync] ConfigurationDone, failed: , succeeded: , remaining count: 4
2025-07-19 02:54:26.955: [WARN][Sync]     Reconfigure requested while configuration ongoing.
2025-07-19 02:54:26.955: [INFO][Sync] Configuring for: Bookmarks, Preferences, Passwords, Autofill Profiles, Autofill, Extensions, Sessions, Extension settings, History Delete Directives, Device Info, User Consents, Send Tab To Self, Web Apps, History, Saved Tab Group, WebAuthn Credentials, Collection, Edge E Drop, Edge Hub App Usage, Edge Wallet, Encryption Keys, reason: 5, current state: 2
2025-07-19 02:54:26.955: [INFO][Sync] Configure, desired: Bookmarks, Preferences, Passwords, Autofill Profiles, Autofill, Extensions, Sessions, Extension settings, History Delete Directives, Device Info, User Consents, Send Tab To Self, Web Apps, History, Saved Tab Group, WebAuthn Credentials, Collection, Edge E Drop, Edge Hub App Usage, Edge Wallet, Encryption Keys; Allow fail: 
2025-07-19 02:54:26.955: [INFO][Sync] Loading: Passwords
2025-07-19 02:54:26.955: [INFO][Sync] Loading: Autofill Profiles
2025-07-19 02:54:26.955: [INFO][Sync] Loading: Autofill
2025-07-19 02:54:26.960: [INFO][Sync] All data types are ready for configure.
2025-07-19 02:54:26.960: [INFO][SyncManagerImpl::NudgeForInitialDownload] Initial download nudge for Passwords
2025-07-19 02:54:26.961: [INFO][SyncManagerImpl::ConfigureSyncer] Types to download:  with reason: 5
2025-07-19 02:54:26.961: [INFO][SyncEngineBackend::DoFinishConfigureDataTypes] Failed to download types:  and succeeded types: 
2025-07-19 02:54:26.961: [INFO][Sync] ConfigurationDone, failed: , succeeded: , remaining count: 4
2025-07-19 02:54:26.961: [INFO][Sync] Prepare to configure types: Passwords, Encryption Keys
2025-07-19 02:54:26.961: [INFO][SyncManagerImpl::ConfigureSyncer] Types to download: Passwords, Encryption Keys with reason: 5
2025-07-19 02:54:26.961: [INFO][SyncSchedulerImpl::DoConfigurationSyncCycleJob] Blocked types:  and types to download: Passwords, Encryption Keys
2025-07-19 02:54:27.182: [INFO][SyncEngineBackend::DoFinishConfigureDataTypes] Failed to download types:  and succeeded types: Passwords, Encryption Keys
2025-07-19 02:54:27.184: [INFO][Sync] ConfigurationDone, failed: , succeeded: Passwords, Encryption Keys, remaining count: 3
2025-07-19 02:54:27.184: [INFO][SyncManagerImpl::ConfigureSyncer] Types to download:  with reason: 5
2025-07-19 02:54:27.184: [INFO][SyncEngineBackend::DoFinishConfigureDataTypes] Failed to download types:  and succeeded types: 
2025-07-19 02:54:27.186: [INFO][Sync] ConfigurationDone, failed: , succeeded: , remaining count: 2
2025-07-19 02:54:27.187: [INFO][SyncManagerImpl::ConfigureSyncer] Types to download:  with reason: 5
2025-07-19 02:54:27.187: [INFO][SyncEngineBackend::DoFinishConfigureDataTypes] Failed to download types:  and succeeded types: 
2025-07-19 02:54:27.193: [INFO][Sync] ConfigurationDone, failed: , succeeded: , remaining count: 1
2025-07-19 02:54:27.195: [INFO][SyncManagerImpl::ConfigureSyncer] Types to download:  with reason: 5
2025-07-19 02:54:27.195: [INFO][SyncEngineBackend::DoFinishConfigureDataTypes] Failed to download types:  and succeeded types: 
2025-07-19 02:54:27.196: [INFO][Sync] ConfigurationDone, failed: , succeeded: , remaining count: 0
2025-07-19 02:54:27.198: [INFO][Sync]     Configuration completed, state: 7
2025-07-19 02:54:27.199: [INFO][Sync] Configured DataTypeManager: Ok
2025-07-19 02:54:27.202: [INFO][SyncEngineBackend::DoStartSyncing] Start syncing
2025-07-30 00:22:40.014: [INFO][Sync] SyncState after authenticated was: FeatureCanStart
2025-07-30 00:22:40.511: [INFO][Sync] Try to start sync engine
2025-07-30 00:22:40.513: [INFO][SyncManagerImpl::NudgeForInitialDownload] Initial download nudge for Encryption Keys
2025-07-30 00:22:40.513: [INFO][SyncEngineBackend::LoadAndConnectNigoriController] Load and connect Nigori controller
2025-07-30 00:22:40.513: [INFO][SyncEngineBackend::DoInitialize] Control Types added: Encryption Keys
2025-07-30 00:22:40.513: [INFO][SyncManagerImpl::ConfigureSyncer] Types to download: Encryption Keys with reason: 3
2025-07-30 00:22:40.513: [INFO][SyncSchedulerImpl::DoConfigurationSyncCycleJob] Configure job was blocked
2025-07-30 00:22:40.558: [INFO][SyncAuthManager::SetLastAuthError] Current auth error: None
2025-07-30 00:22:40.558: [INFO][SyncAuthManager::EdgeLogTokenErrorState] Token error with: None for account type: MSA
2025-07-30 00:22:40.559: [INFO][Sync] Credentials changed for: EdgeSyncScopeNew
2025-07-30 00:22:41.241: [INFO][SyncAuthManager::SetLastAuthError] Current auth error: None
2025-07-30 00:22:41.241: [INFO][SyncAuthManager::EdgeLogTokenErrorState] Token error with: None for account type: MSA
2025-07-30 00:22:41.241: [INFO][Sync] Credentials changed for: EdgeSyncKeyDataScope
2025-07-30 00:22:41.241: [INFO][SyncEngineBackend::DoUpdateKeyDataCredentials] Update key data credentials
2025-07-30 00:22:41.241: [INFO][SyncEngineBackend::DoUpdateCredentials] Update credentials
2025-07-30 00:22:41.241: [INFO][SyncSchedulerImpl::DoConfigurationSyncCycleJob] Blocked types:  and types to download: Encryption Keys
2025-07-30 00:22:41.892: [INFO][Sync] Started DataTypeManager configuration, reason: 4
2025-07-30 00:22:41.893: [INFO][Sync] Configuring for: Bookmarks, Preferences, Passwords, Autofill Profiles, Autofill, Extensions, Sessions, Extension settings, History Delete Directives, Device Info, User Consents, Send Tab To Self, Web Apps, History, Saved Tab Group, WebAuthn Credentials, Collection, Edge E Drop, Edge Hub App Usage, Edge Wallet, Encryption Keys, reason: 4, current state: 0
2025-07-30 00:22:41.893: [WARN][Sync] Crypto error data types: Passwords, Autofill Profiles, Autofill
2025-07-30 00:22:41.895: [INFO][Sync] Configure, desired: Bookmarks, Preferences, Extensions, Sessions, Extension settings, History Delete Directives, Device Info, User Consents, Send Tab To Self, Web Apps, History, Saved Tab Group, WebAuthn Credentials, Collection, Edge E Drop, Edge Hub App Usage, Edge Wallet, Encryption Keys; Allow fail: Passwords, Autofill Profiles, Autofill
2025-07-30 00:22:41.895: [INFO][Sync] Loading: Bookmarks
2025-07-30 00:22:41.895: [INFO][Sync] Loading: Preferences
2025-07-30 00:22:41.895: [INFO][Sync] Loading: Extensions
2025-07-30 00:22:41.895: [INFO][Sync] Loading: Sessions
2025-07-30 00:22:41.896: [INFO][Sync] Loading: Extension settings
2025-07-30 00:22:41.896: [INFO][Sync] Loading: History Delete Directives
2025-07-30 00:22:41.896: [INFO][Sync] Loading: Device Info
2025-07-30 00:22:41.896: [INFO][Sync] Loading: User Consents
2025-07-30 00:22:41.896: [INFO][Sync] Loading: Send Tab To Self
2025-07-30 00:22:41.896: [INFO][Sync] Loading: Web Apps
2025-07-30 00:22:41.896: [INFO][Sync] Loading: History
2025-07-30 00:22:41.896: [INFO][Sync] Loading: Saved Tab Group
2025-07-30 00:22:41.896: [INFO][Sync] Loading: WebAuthn Credentials
2025-07-30 00:22:41.896: [INFO][Sync] Loading: Collection
2025-07-30 00:22:41.896: [INFO][Sync] Loading: Edge E Drop
2025-07-30 00:22:41.896: [INFO][Sync] Loading: Edge Hub App Usage
2025-07-30 00:22:41.896: [INFO][Sync] Loading: Edge Wallet
2025-07-30 00:22:41.902: [INFO][Sync] All data types are ready for configure.
2025-07-30 00:22:42.291: [INFO][Sync] Started DataTypeManager configuration, reason: 5
2025-07-30 00:22:42.291: [INFO][Sync] Configuring for: Bookmarks, Preferences, Passwords, Autofill Profiles, Autofill, Extensions, Sessions, Extension settings, History Delete Directives, Device Info, User Consents, Send Tab To Self, Web Apps, History, Saved Tab Group, WebAuthn Credentials, Collection, Edge E Drop, Edge Hub App Usage, Edge Wallet, Encryption Keys, reason: 5, current state: 1
2025-07-30 00:22:42.294: [INFO][SyncEngineBackend::DoStartConfiguration] Start configuration
2025-07-30 00:22:42.295: [INFO][SyncManagerImpl::ConfigureSyncer] Types to download:  with reason: 4
2025-07-30 00:22:42.295: [INFO][SyncEngineBackend::DoFinishConfigureDataTypes] Failed to download types:  and succeeded types: 
2025-07-30 00:22:42.295: [INFO][Sync] ConfigurationDone, failed: , succeeded: , remaining count: 4
2025-07-30 00:22:42.295: [WARN][Sync]     Reconfigure requested while configuration ongoing.
2025-07-30 00:22:42.295: [INFO][Sync] Configuring for: Bookmarks, Preferences, Passwords, Autofill Profiles, Autofill, Extensions, Sessions, Extension settings, History Delete Directives, Device Info, User Consents, Send Tab To Self, Web Apps, History, Saved Tab Group, WebAuthn Credentials, Collection, Edge E Drop, Edge Hub App Usage, Edge Wallet, Encryption Keys, reason: 5, current state: 2
2025-07-30 00:22:42.295: [INFO][Sync] Configure, desired: Bookmarks, Preferences, Passwords, Autofill Profiles, Autofill, Extensions, Sessions, Extension settings, History Delete Directives, Device Info, User Consents, Send Tab To Self, Web Apps, History, Saved Tab Group, WebAuthn Credentials, Collection, Edge E Drop, Edge Hub App Usage, Edge Wallet, Encryption Keys; Allow fail: 
2025-07-30 00:22:42.295: [INFO][Sync] Loading: Passwords
2025-07-30 00:22:42.295: [INFO][Sync] Loading: Autofill Profiles
2025-07-30 00:22:42.295: [INFO][Sync] Loading: Autofill
2025-07-30 00:22:42.295: [INFO][Sync] All data types are ready for configure.
2025-07-30 00:22:42.295: [INFO][SyncManagerImpl::NudgeForInitialDownload] Initial download nudge for Passwords
2025-07-30 00:22:42.295: [INFO][SyncManagerImpl::ConfigureSyncer] Types to download:  with reason: 5
2025-07-30 00:22:42.295: [INFO][SyncEngineBackend::DoFinishConfigureDataTypes] Failed to download types:  and succeeded types: 
2025-07-30 00:22:42.295: [INFO][Sync] ConfigurationDone, failed: , succeeded: , remaining count: 4
2025-07-30 00:22:42.295: [INFO][Sync] Prepare to configure types: Passwords, Encryption Keys
2025-07-30 00:22:42.295: [INFO][SyncManagerImpl::ConfigureSyncer] Types to download: Passwords, Encryption Keys with reason: 5
2025-07-30 00:22:42.295: [INFO][SyncSchedulerImpl::DoConfigurationSyncCycleJob] Blocked types:  and types to download: Passwords, Encryption Keys
2025-07-30 00:22:42.538: [INFO][SyncEngineBackend::DoFinishConfigureDataTypes] Failed to download types:  and succeeded types: Passwords, Encryption Keys
2025-07-30 00:22:42.540: [INFO][Sync] ConfigurationDone, failed: , succeeded: Passwords, Encryption Keys, remaining count: 3
2025-07-30 00:22:42.540: [INFO][SyncManagerImpl::ConfigureSyncer] Types to download:  with reason: 5
2025-07-30 00:22:42.540: [INFO][SyncEngineBackend::DoFinishConfigureDataTypes] Failed to download types:  and succeeded types: 
2025-07-30 00:22:42.540: [INFO][Sync] ConfigurationDone, failed: , succeeded: , remaining count: 2
2025-07-30 00:22:42.540: [INFO][SyncManagerImpl::ConfigureSyncer] Types to download:  with reason: 5
2025-07-30 00:22:42.540: [INFO][SyncEngineBackend::DoFinishConfigureDataTypes] Failed to download types:  and succeeded types: 
2025-07-30 00:22:42.544: [INFO][Sync] ConfigurationDone, failed: , succeeded: , remaining count: 1
2025-07-30 00:22:42.545: [INFO][SyncManagerImpl::ConfigureSyncer] Types to download:  with reason: 5
2025-07-30 00:22:42.545: [INFO][SyncEngineBackend::DoFinishConfigureDataTypes] Failed to download types:  and succeeded types: 
2025-07-30 00:22:42.546: [INFO][Sync] ConfigurationDone, failed: , succeeded: , remaining count: 0
2025-07-30 00:22:42.547: [INFO][Sync]     Configuration completed, state: 7
2025-07-30 00:22:42.547: [INFO][Sync] Configured DataTypeManager: Ok
2025-07-30 00:22:42.550: [INFO][SyncEngineBackend::DoStartSyncing] Start syncing
2025-07-30 00:27:46.108: [INFO][Sync] Reset engine, reason: 0
2025-07-30 01:32:55.136: [INFO][Sync] SyncState after authenticated was: FeatureCanStart
2025-07-30 01:32:56.327: [INFO][Sync] Try to start sync engine
2025-07-30 01:32:56.335: [INFO][SyncManagerImpl::NudgeForInitialDownload] Initial download nudge for Encryption Keys
2025-07-30 01:32:56.335: [INFO][SyncEngineBackend::LoadAndConnectNigoriController] Load and connect Nigori controller
2025-07-30 01:32:56.335: [INFO][SyncEngineBackend::DoInitialize] Control Types added: Encryption Keys
2025-07-30 01:32:56.335: [INFO][SyncManagerImpl::ConfigureSyncer] Types to download: Encryption Keys with reason: 3
2025-07-30 01:32:56.335: [INFO][SyncSchedulerImpl::DoConfigurationSyncCycleJob] Configure job was blocked
2025-07-30 01:32:56.380: [INFO][SyncAuthManager::SetLastAuthError] Current auth error: None
2025-07-30 01:32:56.380: [INFO][SyncAuthManager::EdgeLogTokenErrorState] Token error with: None for account type: MSA
2025-07-30 01:32:56.380: [INFO][Sync] Credentials changed for: EdgeSyncScopeNew
2025-07-30 01:32:57.898: [INFO][SyncAuthManager::SetLastAuthError] Current auth error: None
2025-07-30 01:32:57.898: [INFO][SyncAuthManager::EdgeLogTokenErrorState] Token error with: None for account type: MSA
2025-07-30 01:32:57.898: [INFO][Sync] Credentials changed for: EdgeSyncKeyDataScope
2025-07-30 01:32:57.898: [INFO][SyncEngineBackend::DoUpdateKeyDataCredentials] Update key data credentials
2025-07-30 01:32:57.898: [INFO][SyncEngineBackend::DoUpdateCredentials] Update credentials
2025-07-30 01:32:57.898: [INFO][SyncSchedulerImpl::DoConfigurationSyncCycleJob] Blocked types:  and types to download: Encryption Keys
2025-07-30 01:32:58.707: [INFO][Sync] Started DataTypeManager configuration, reason: 4
2025-07-30 01:32:58.707: [INFO][Sync] Configuring for: Bookmarks, Preferences, Passwords, Autofill Profiles, Autofill, Extensions, Sessions, Extension settings, History Delete Directives, Device Info, User Consents, Send Tab To Self, Web Apps, History, Saved Tab Group, WebAuthn Credentials, Collection, Edge E Drop, Edge Hub App Usage, Edge Wallet, Encryption Keys, reason: 4, current state: 0
2025-07-30 01:32:58.707: [WARN][Sync] Crypto error data types: Passwords, Autofill Profiles, Autofill
2025-07-30 01:32:58.710: [INFO][Sync] Configure, desired: Bookmarks, Preferences, Extensions, Sessions, Extension settings, History Delete Directives, Device Info, User Consents, Send Tab To Self, Web Apps, History, Saved Tab Group, WebAuthn Credentials, Collection, Edge E Drop, Edge Hub App Usage, Edge Wallet, Encryption Keys; Allow fail: Passwords, Autofill Profiles, Autofill
2025-07-30 01:32:58.710: [INFO][Sync] Loading: Bookmarks
2025-07-30 01:32:58.710: [INFO][Sync] Loading: Preferences
2025-07-30 01:32:58.710: [INFO][Sync] Loading: Extensions
2025-07-30 01:32:58.712: [INFO][Sync] Loading: Sessions
2025-07-30 01:32:58.712: [INFO][Sync] Loading: Extension settings
2025-07-30 01:32:58.712: [INFO][Sync] Loading: History Delete Directives
2025-07-30 01:32:58.714: [INFO][Sync] Loading: Device Info
2025-07-30 01:32:58.714: [INFO][Sync] Loading: User Consents
2025-07-30 01:32:58.714: [INFO][Sync] Loading: Send Tab To Self
2025-07-30 01:32:58.714: [INFO][Sync] Loading: Web Apps
2025-07-30 01:32:58.714: [INFO][Sync] Loading: History
2025-07-30 01:32:58.714: [INFO][Sync] Loading: Saved Tab Group
2025-07-30 01:32:58.714: [INFO][Sync] Loading: WebAuthn Credentials
2025-07-30 01:32:58.714: [INFO][Sync] Loading: Collection
2025-07-30 01:32:58.714: [INFO][Sync] Loading: Edge E Drop
2025-07-30 01:32:58.714: [INFO][Sync] Loading: Edge Hub App Usage
2025-07-30 01:32:58.714: [INFO][Sync] Loading: Edge Wallet
2025-07-30 01:32:58.729: [INFO][Sync] All data types are ready for configure.
2025-07-30 01:32:59.254: [INFO][Sync] Started DataTypeManager configuration, reason: 5
2025-07-30 01:32:59.254: [INFO][Sync] Configuring for: Bookmarks, Preferences, Passwords, Autofill Profiles, Autofill, Extensions, Sessions, Extension settings, History Delete Directives, Device Info, User Consents, Send Tab To Self, Web Apps, History, Saved Tab Group, WebAuthn Credentials, Collection, Edge E Drop, Edge Hub App Usage, Edge Wallet, Encryption Keys, reason: 5, current state: 1
2025-07-30 01:32:59.259: [INFO][SyncEngineBackend::DoStartConfiguration] Start configuration
2025-07-30 01:32:59.260: [INFO][SyncManagerImpl::ConfigureSyncer] Types to download:  with reason: 4
2025-07-30 01:32:59.260: [INFO][SyncEngineBackend::DoFinishConfigureDataTypes] Failed to download types:  and succeeded types: 
2025-07-30 01:32:59.262: [INFO][Sync] ConfigurationDone, failed: , succeeded: , remaining count: 4
2025-07-30 01:32:59.262: [WARN][Sync]     Reconfigure requested while configuration ongoing.
2025-07-30 01:32:59.263: [INFO][Sync] Configuring for: Bookmarks, Preferences, Passwords, Autofill Profiles, Autofill, Extensions, Sessions, Extension settings, History Delete Directives, Device Info, User Consents, Send Tab To Self, Web Apps, History, Saved Tab Group, WebAuthn Credentials, Collection, Edge E Drop, Edge Hub App Usage, Edge Wallet, Encryption Keys, reason: 5, current state: 2
2025-07-30 01:32:59.263: [INFO][Sync] Configure, desired: Bookmarks, Preferences, Passwords, Autofill Profiles, Autofill, Extensions, Sessions, Extension settings, History Delete Directives, Device Info, User Consents, Send Tab To Self, Web Apps, History, Saved Tab Group, WebAuthn Credentials, Collection, Edge E Drop, Edge Hub App Usage, Edge Wallet, Encryption Keys; Allow fail: 
2025-07-30 01:32:59.263: [INFO][Sync] Loading: Passwords
2025-07-30 01:32:59.263: [INFO][Sync] Loading: Autofill Profiles
2025-07-30 01:32:59.263: [INFO][Sync] Loading: Autofill
2025-07-30 01:32:59.269: [INFO][Sync] All data types are ready for configure.
2025-07-30 01:32:59.269: [INFO][SyncManagerImpl::NudgeForInitialDownload] Initial download nudge for Passwords
2025-07-30 01:32:59.269: [INFO][SyncManagerImpl::ConfigureSyncer] Types to download:  with reason: 5
2025-07-30 01:32:59.269: [INFO][SyncEngineBackend::DoFinishConfigureDataTypes] Failed to download types:  and succeeded types: 
2025-07-30 01:32:59.269: [INFO][Sync] ConfigurationDone, failed: , succeeded: , remaining count: 4
2025-07-30 01:32:59.269: [INFO][Sync] Prepare to configure types: Passwords, Encryption Keys
2025-07-30 01:32:59.269: [INFO][SyncManagerImpl::ConfigureSyncer] Types to download: Passwords, Encryption Keys with reason: 5
2025-07-30 01:32:59.269: [INFO][SyncSchedulerImpl::DoConfigurationSyncCycleJob] Blocked types:  and types to download: Passwords, Encryption Keys
2025-07-30 01:32:59.491: [INFO][SyncEngineBackend::DoFinishConfigureDataTypes] Failed to download types:  and succeeded types: Passwords, Encryption Keys
2025-07-30 01:32:59.496: [INFO][Sync] ConfigurationDone, failed: , succeeded: Passwords, Encryption Keys, remaining count: 3
2025-07-30 01:32:59.496: [INFO][SyncManagerImpl::ConfigureSyncer] Types to download:  with reason: 5
2025-07-30 01:32:59.496: [INFO][SyncEngineBackend::DoFinishConfigureDataTypes] Failed to download types:  and succeeded types: 
2025-07-30 01:32:59.496: [INFO][Sync] ConfigurationDone, failed: , succeeded: , remaining count: 2
2025-07-30 01:32:59.496: [INFO][SyncManagerImpl::ConfigureSyncer] Types to download:  with reason: 5
2025-07-30 01:32:59.496: [INFO][SyncEngineBackend::DoFinishConfigureDataTypes] Failed to download types:  and succeeded types: 
2025-07-30 01:32:59.501: [INFO][Sync] ConfigurationDone, failed: , succeeded: , remaining count: 1
2025-07-30 01:32:59.505: [INFO][SyncManagerImpl::ConfigureSyncer] Types to download:  with reason: 5
2025-07-30 01:32:59.505: [INFO][SyncEngineBackend::DoFinishConfigureDataTypes] Failed to download types:  and succeeded types: 
2025-07-30 01:32:59.505: [INFO][Sync] ConfigurationDone, failed: , succeeded: , remaining count: 0
2025-07-30 01:32:59.507: [INFO][Sync]     Configuration completed, state: 7
2025-07-30 01:32:59.508: [INFO][Sync] Configured DataTypeManager: Ok
2025-07-30 01:32:59.515: [INFO][SyncEngineBackend::DoStartSyncing] Start syncing
2025-07-30 01:34:50.366: [INFO][Sync] Reset engine, reason: 0
2025-07-30 01:34:50.366: [INFO][Sync] Reset engine with reason: 0
2025-07-30 01:49:09.503: [INFO][Sync] SyncState after authenticated was: FeatureCanStart
2025-07-30 01:49:10.082: [INFO][Sync] Try to start sync engine
2025-07-30 01:49:10.088: [INFO][SyncManagerImpl::NudgeForInitialDownload] Initial download nudge for Encryption Keys
2025-07-30 01:49:10.088: [INFO][SyncEngineBackend::LoadAndConnectNigoriController] Load and connect Nigori controller
2025-07-30 01:49:10.088: [INFO][SyncEngineBackend::DoInitialize] Control Types added: Encryption Keys
2025-07-30 01:49:10.088: [INFO][SyncManagerImpl::ConfigureSyncer] Types to download: Encryption Keys with reason: 3
2025-07-30 01:49:10.088: [INFO][SyncSchedulerImpl::DoConfigurationSyncCycleJob] Configure job was blocked
2025-07-30 01:49:10.138: [INFO][SyncAuthManager::SetLastAuthError] Current auth error: None
2025-07-30 01:49:10.138: [INFO][SyncAuthManager::EdgeLogTokenErrorState] Token error with: None for account type: MSA
2025-07-30 01:49:10.138: [INFO][Sync] Credentials changed for: EdgeSyncScopeNew
2025-07-30 01:49:11.802: [INFO][SyncAuthManager::SetLastAuthError] Current auth error: None
2025-07-30 01:49:11.802: [INFO][SyncAuthManager::EdgeLogTokenErrorState] Token error with: None for account type: MSA
2025-07-30 01:49:11.802: [INFO][Sync] Credentials changed for: EdgeSyncKeyDataScope
2025-07-30 01:49:11.802: [INFO][SyncEngineBackend::DoUpdateKeyDataCredentials] Update key data credentials
2025-07-30 01:49:11.802: [INFO][SyncEngineBackend::DoUpdateCredentials] Update credentials
2025-07-30 01:49:11.802: [INFO][SyncSchedulerImpl::DoConfigurationSyncCycleJob] Blocked types:  and types to download: Encryption Keys
2025-07-30 01:49:12.593: [INFO][Sync] Started DataTypeManager configuration, reason: 4
2025-07-30 01:49:12.593: [INFO][Sync] Configuring for: Bookmarks, Preferences, Passwords, Autofill Profiles, Autofill, Extensions, Sessions, Extension settings, History Delete Directives, Device Info, User Consents, Send Tab To Self, Web Apps, History, Saved Tab Group, WebAuthn Credentials, Collection, Edge E Drop, Edge Hub App Usage, Edge Wallet, Encryption Keys, reason: 4, current state: 0
2025-07-30 01:49:12.593: [WARN][Sync] Crypto error data types: Passwords, Autofill Profiles, Autofill
2025-07-30 01:49:12.596: [INFO][Sync] Configure, desired: Bookmarks, Preferences, Extensions, Sessions, Extension settings, History Delete Directives, Device Info, User Consents, Send Tab To Self, Web Apps, History, Saved Tab Group, WebAuthn Credentials, Collection, Edge E Drop, Edge Hub App Usage, Edge Wallet, Encryption Keys; Allow fail: Passwords, Autofill Profiles, Autofill
2025-07-30 01:49:12.597: [INFO][Sync] Loading: Bookmarks
2025-07-30 01:49:12.597: [INFO][Sync] Loading: Preferences
2025-07-30 01:49:12.597: [INFO][Sync] Loading: Extensions
2025-07-30 01:49:12.598: [INFO][Sync] Loading: Sessions
2025-07-30 01:49:12.598: [INFO][Sync] Loading: Extension settings
2025-07-30 01:49:12.598: [INFO][Sync] Loading: History Delete Directives
2025-07-30 01:49:12.599: [INFO][Sync] Loading: Device Info
2025-07-30 01:49:12.599: [INFO][Sync] Loading: User Consents
2025-07-30 01:49:12.599: [INFO][Sync] Loading: Send Tab To Self
2025-07-30 01:49:12.599: [INFO][Sync] Loading: Web Apps
2025-07-30 01:49:12.599: [INFO][Sync] Loading: History
2025-07-30 01:49:12.599: [INFO][Sync] Loading: Saved Tab Group
2025-07-30 01:49:12.599: [INFO][Sync] Loading: WebAuthn Credentials
2025-07-30 01:49:12.599: [INFO][Sync] Loading: Collection
2025-07-30 01:49:12.599: [INFO][Sync] Loading: Edge E Drop
2025-07-30 01:49:12.599: [INFO][Sync] Loading: Edge Hub App Usage
2025-07-30 01:49:12.599: [INFO][Sync] Loading: Edge Wallet
2025-07-30 01:49:12.612: [INFO][Sync] All data types are ready for configure.
2025-07-30 01:49:12.841: [INFO][Sync] Started DataTypeManager configuration, reason: 5
2025-07-30 01:49:12.842: [INFO][Sync] Configuring for: Bookmarks, Preferences, Passwords, Autofill Profiles, Autofill, Extensions, Sessions, Extension settings, History Delete Directives, Device Info, User Consents, Send Tab To Self, Web Apps, History, Saved Tab Group, WebAuthn Credentials, Collection, Edge E Drop, Edge Hub App Usage, Edge Wallet, Encryption Keys, reason: 5, current state: 1
2025-07-30 01:49:12.847: [INFO][SyncEngineBackend::DoStartConfiguration] Start configuration
2025-07-30 01:49:12.847: [INFO][SyncManagerImpl::ConfigureSyncer] Types to download:  with reason: 4
2025-07-30 01:49:12.848: [INFO][SyncEngineBackend::DoFinishConfigureDataTypes] Failed to download types:  and succeeded types: 
2025-07-30 01:49:12.849: [INFO][Sync] ConfigurationDone, failed: , succeeded: , remaining count: 4
2025-07-30 01:49:12.849: [WARN][Sync]     Reconfigure requested while configuration ongoing.
2025-07-30 01:49:12.849: [INFO][Sync] Configuring for: Bookmarks, Preferences, Passwords, Autofill Profiles, Autofill, Extensions, Sessions, Extension settings, History Delete Directives, Device Info, User Consents, Send Tab To Self, Web Apps, History, Saved Tab Group, WebAuthn Credentials, Collection, Edge E Drop, Edge Hub App Usage, Edge Wallet, Encryption Keys, reason: 5, current state: 2
2025-07-30 01:49:12.849: [INFO][Sync] Configure, desired: Bookmarks, Preferences, Passwords, Autofill Profiles, Autofill, Extensions, Sessions, Extension settings, History Delete Directives, Device Info, User Consents, Send Tab To Self, Web Apps, History, Saved Tab Group, WebAuthn Credentials, Collection, Edge E Drop, Edge Hub App Usage, Edge Wallet, Encryption Keys; Allow fail: 
2025-07-30 01:49:12.849: [INFO][Sync] Loading: Passwords
2025-07-30 01:49:12.849: [INFO][Sync] Loading: Autofill Profiles
2025-07-30 01:49:12.849: [INFO][Sync] Loading: Autofill
2025-07-30 01:49:12.855: [INFO][Sync] All data types are ready for configure.
2025-07-30 01:49:12.855: [INFO][SyncManagerImpl::NudgeForInitialDownload] Initial download nudge for Passwords
2025-07-30 01:49:12.855: [INFO][SyncManagerImpl::ConfigureSyncer] Types to download:  with reason: 5
2025-07-30 01:49:12.855: [INFO][SyncEngineBackend::DoFinishConfigureDataTypes] Failed to download types:  and succeeded types: 
2025-07-30 01:49:12.856: [INFO][Sync] ConfigurationDone, failed: , succeeded: , remaining count: 4
2025-07-30 01:49:12.856: [INFO][Sync] Prepare to configure types: Passwords, Encryption Keys
2025-07-30 01:49:12.856: [INFO][SyncManagerImpl::ConfigureSyncer] Types to download: Passwords, Encryption Keys with reason: 5
2025-07-30 01:49:12.856: [INFO][SyncSchedulerImpl::DoConfigurationSyncCycleJob] Blocked types:  and types to download: Passwords, Encryption Keys
2025-07-30 01:49:13.091: [INFO][SyncEngineBackend::DoFinishConfigureDataTypes] Failed to download types:  and succeeded types: Passwords, Encryption Keys
2025-07-30 01:49:13.093: [INFO][Sync] ConfigurationDone, failed: , succeeded: Passwords, Encryption Keys, remaining count: 3
2025-07-30 01:49:13.093: [INFO][SyncManagerImpl::ConfigureSyncer] Types to download:  with reason: 5
2025-07-30 01:49:13.093: [INFO][SyncEngineBackend::DoFinishConfigureDataTypes] Failed to download types:  and succeeded types: 
2025-07-30 01:49:13.094: [INFO][Sync] ConfigurationDone, failed: , succeeded: , remaining count: 2
2025-07-30 01:49:13.094: [INFO][SyncManagerImpl::ConfigureSyncer] Types to download:  with reason: 5
2025-07-30 01:49:13.094: [INFO][SyncEngineBackend::DoFinishConfigureDataTypes] Failed to download types:  and succeeded types: 
2025-07-30 01:49:13.099: [INFO][Sync] ConfigurationDone, failed: , succeeded: , remaining count: 1
2025-07-30 01:49:13.101: [INFO][SyncManagerImpl::ConfigureSyncer] Types to download:  with reason: 5
2025-07-30 01:49:13.101: [INFO][SyncEngineBackend::DoFinishConfigureDataTypes] Failed to download types:  and succeeded types: 
2025-07-30 01:49:13.101: [INFO][Sync] ConfigurationDone, failed: , succeeded: , remaining count: 0
2025-07-30 01:49:13.103: [INFO][Sync]     Configuration completed, state: 7
2025-07-30 01:49:13.103: [INFO][Sync] Configured DataTypeManager: Ok
2025-07-30 01:49:13.106: [INFO][SyncEngineBackend::DoStartSyncing] Start syncing
2025-07-30 01:50:02.256: [INFO][Sync] Reset engine, reason: 0
2025-07-30 01:50:02.256: [INFO][Sync] Reset engine with reason: 0
